CRITICAL - 2023-10-01 00:28:48 --> Class "App\Controllers\Hash" not found
in APPPATH\Controllers\LoginRegisterController.php on line 82.
 1 SYSTEMPATH\CodeIgniter.php(919): App\Controllers\LoginRegisterController->login()
 2 SYSTEMPATH\CodeIgniter.php(494): CodeIgniter\CodeIgniter->runController(Object(App\Controllers\LoginRegisterController))
 3 SYSTEMPATH\CodeIgniter.php(353): CodeIgniter\CodeIgniter->handleRequest(null, Object(Config\Cache), false)
 4 FCPATH\index.php(79): CodeIgniter\CodeIgniter->run()
 5 SYSTEMPATH\Commands\Server\rewrite.php(47): require_once('C:\\laragon\\www\\lab3\\ci4\\public\\index.php')
CRITICAL - 2023-10-01 00:29:42 --> Class "App\Libraries\Hash" not found
in APPPATH\Controllers\LoginRegisterController.php on line 83.
 1 SYSTEMPATH\CodeIgniter.php(919): App\Controllers\LoginRegisterController->login()
 2 SYSTEMPATH\CodeIgniter.php(494): CodeIgniter\CodeIgniter->runController(Object(App\Controllers\LoginRegisterController))
 3 SYSTEMPATH\CodeIgniter.php(353): CodeIgniter\CodeIgniter->handleRequest(null, Object(Config\Cache), false)
 4 FCPATH\index.php(79): CodeIgniter\CodeIgniter->run()
 5 SYSTEMPATH\Commands\Server\rewrite.php(47): require_once('C:\\laragon\\www\\lab3\\ci4\\public\\index.php')
CRITICAL - 2023-10-01 00:35:53 --> Class "App\Libraries\Hash" not found
in APPPATH\Controllers\LoginRegisterController.php on line 83.
 1 SYSTEMPATH\CodeIgniter.php(919): App\Controllers\LoginRegisterController->login()
 2 SYSTEMPATH\CodeIgniter.php(494): CodeIgniter\CodeIgniter->runController(Object(App\Controllers\LoginRegisterController))
 3 SYSTEMPATH\CodeIgniter.php(353): CodeIgniter\CodeIgniter->handleRequest(null, Object(Config\Cache), false)
 4 FCPATH\index.php(79): CodeIgniter\CodeIgniter->run()
 5 SYSTEMPATH\Commands\Server\rewrite.php(47): require_once('C:\\laragon\\www\\lab3\\ci4\\public\\index.php')
CRITICAL - 2023-10-01 00:37:51 --> Undefined constant "App\Controllers\session"
in APPPATH\Controllers\LoginRegisterController.php on line 86.
 1 SYSTEMPATH\CodeIgniter.php(919): App\Controllers\LoginRegisterController->login()
 2 SYSTEMPATH\CodeIgniter.php(494): CodeIgniter\CodeIgniter->runController(Object(App\Controllers\LoginRegisterController))
 3 SYSTEMPATH\CodeIgniter.php(353): CodeIgniter\CodeIgniter->handleRequest(null, Object(Config\Cache), false)
 4 FCPATH\index.php(79): CodeIgniter\CodeIgniter->run()
 5 SYSTEMPATH\Commands\Server\rewrite.php(47): require_once('C:\\laragon\\www\\lab3\\ci4\\public\\index.php')
CRITICAL - 2023-10-01 00:49:00 --> syntax error, unexpected token "}", expecting ";"
in APPPATH\Controllers\LoginRegisterController.php on line 89.
 1 SYSTEMPATH\Autoloader\Autoloader.php(285): CodeIgniter\Autoloader\Autoloader->includeFile('C:\\laragon\\www\\lab3\\ci4\\app\\Controllers\\LoginRegisterController.php')
 2 SYSTEMPATH\Autoloader\Autoloader.php(263): CodeIgniter\Autoloader\Autoloader->loadInNamespace('App\\Controllers\\LoginRegisterController')
 3 [internal function]: CodeIgniter\Autoloader\Autoloader->loadClass('App\\Controllers\\LoginRegisterController')
 4 SYSTEMPATH\CodeIgniter.php(877): class_exists('\\App\\Controllers\\LoginRegisterController', true)
 5 SYSTEMPATH\CodeIgniter.php(481): CodeIgniter\CodeIgniter->startController()
 6 SYSTEMPATH\CodeIgniter.php(353): CodeIgniter\CodeIgniter->handleRequest(null, Object(Config\Cache), false)
 7 FCPATH\index.php(79): CodeIgniter\CodeIgniter->run()
 8 SYSTEMPATH\Commands\Server\rewrite.php(47): require_once('C:\\laragon\\www\\lab3\\ci4\\public\\index.php')
CRITICAL - 2023-10-01 00:49:46 --> Too few arguments to function CodeIgniter\HTTP\RedirectResponse::with(), 1 passed in C:\laragon\www\lab3\ci4\app\Controllers\LoginRegisterController.php on line 86 and exactly 2 expected
in SYSTEMPATH\HTTP\RedirectResponse.php on line 130.
 1 APPPATH\Controllers\LoginRegisterController.php(86): CodeIgniter\HTTP\RedirectResponse->with('Incorrect Password')
 2 SYSTEMPATH\CodeIgniter.php(919): App\Controllers\LoginRegisterController->login()
 3 SYSTEMPATH\CodeIgniter.php(494): CodeIgniter\CodeIgniter->runController(Object(App\Controllers\LoginRegisterController))
 4 SYSTEMPATH\CodeIgniter.php(353): CodeIgniter\CodeIgniter->handleRequest(null, Object(Config\Cache), false)
 5 FCPATH\index.php(79): CodeIgniter\CodeIgniter->run()
 6 SYSTEMPATH\Commands\Server\rewrite.php(47): require_once('C:\\laragon\\www\\lab3\\ci4\\public\\index.php')
CRITICAL - 2023-10-01 01:04:12 --> Undefined variable $password
in APPPATH\Controllers\LoginRegisterController.php on line 83.
 1 APPPATH\Controllers\LoginRegisterController.php(83): CodeIgniter\Debug\Exceptions->errorHandler(2, 'Undefined variable $password', 'C:\\laragon\\www\\lab3\\ci4\\app\\Controllers\\LoginRegisterController.php', 83)
 2 SYSTEMPATH\CodeIgniter.php(919): App\Controllers\LoginRegisterController->login()
 3 SYSTEMPATH\CodeIgniter.php(494): CodeIgniter\CodeIgniter->runController(Object(App\Controllers\LoginRegisterController))
 4 SYSTEMPATH\CodeIgniter.php(353): CodeIgniter\CodeIgniter->handleRequest(null, Object(Config\Cache), false)
 5 FCPATH\index.php(79): CodeIgniter\CodeIgniter->run()
 6 SYSTEMPATH\Commands\Server\rewrite.php(47): require_once('C:\\laragon\\www\\lab3\\ci4\\public\\index.php')
CRITICAL - 2023-10-01 01:05:51 --> Undefined variable $user_info
in APPPATH\Controllers\LoginRegisterController.php on line 78.
 1 APPPATH\Controllers\LoginRegisterController.php(78): CodeIgniter\Debug\Exceptions->errorHandler(2, 'Undefined variable $user_info', 'C:\\laragon\\www\\lab3\\ci4\\app\\Controllers\\LoginRegisterController.php', 78)
 2 SYSTEMPATH\CodeIgniter.php(919): App\Controllers\LoginRegisterController->login()
 3 SYSTEMPATH\CodeIgniter.php(494): CodeIgniter\CodeIgniter->runController(Object(App\Controllers\LoginRegisterController))
 4 SYSTEMPATH\CodeIgniter.php(353): CodeIgniter\CodeIgniter->handleRequest(null, Object(Config\Cache), false)
 5 FCPATH\index.php(79): CodeIgniter\CodeIgniter->run()
 6 SYSTEMPATH\Commands\Server\rewrite.php(47): require_once('C:\\laragon\\www\\lab3\\ci4\\public\\index.php')
CRITICAL - 2023-10-01 01:42:12 --> Call to undefined function set_value()
in APPPATH\Views\userLogin.php on line 39.
 1 SYSTEMPATH\View\View.php(226): include()
 2 SYSTEMPATH\View\View.php(229): CodeIgniter\View\View->CodeIgniter\View\{closure}()
 3 SYSTEMPATH\Common.php(1188): CodeIgniter\View\View->render('userLogin', [], true)
 4 APPPATH\Controllers\Home.php(86): view('userLogin')
 5 SYSTEMPATH\CodeIgniter.php(919): App\Controllers\Home->userLogin()
 6 SYSTEMPATH\CodeIgniter.php(494): CodeIgniter\CodeIgniter->runController(Object(App\Controllers\Home))
 7 SYSTEMPATH\CodeIgniter.php(353): CodeIgniter\CodeIgniter->handleRequest(null, Object(Config\Cache), false)
 8 FCPATH\index.php(79): CodeIgniter\CodeIgniter->run()
 9 SYSTEMPATH\Commands\Server\rewrite.php(47): require_once('C:\\laragon\\www\\lab3\\ci4\\public\\index.php')
CRITICAL - 2023-10-01 02:01:59 --> hash(): Argument #1 ($algo) must be a valid hashing algorithm
in APPPATH\Controllers\LoginRegisterController.php on line 123.
 1 APPPATH\Controllers\LoginRegisterController.php(123): hash('bcrypt', '12345')
 2 SYSTEMPATH\CodeIgniter.php(919): App\Controllers\LoginRegisterController->login()
 3 SYSTEMPATH\CodeIgniter.php(494): CodeIgniter\CodeIgniter->runController(Object(App\Controllers\LoginRegisterController))
 4 SYSTEMPATH\CodeIgniter.php(353): CodeIgniter\CodeIgniter->handleRequest(null, Object(Config\Cache), false)
 5 FCPATH\index.php(79): CodeIgniter\CodeIgniter->run()
 6 SYSTEMPATH\Commands\Server\rewrite.php(47): require_once('C:\\laragon\\www\\lab3\\ci4\\public\\index.php')
CRITICAL - 2023-10-01 03:47:05 --> Call to undefined function set_value()
in APPPATH\Views\register.php on line 21.
 1 SYSTEMPATH\View\View.php(226): include()
 2 SYSTEMPATH\View\View.php(229): CodeIgniter\View\View->CodeIgniter\View\{closure}()
 3 SYSTEMPATH\Common.php(1188): CodeIgniter\View\View->render('register', [], true)
 4 APPPATH\Controllers\Home.php(68): view('register')
 5 SYSTEMPATH\CodeIgniter.php(919): App\Controllers\Home->register()
 6 SYSTEMPATH\CodeIgniter.php(494): CodeIgniter\CodeIgniter->runController(Object(App\Controllers\Home))
 7 SYSTEMPATH\CodeIgniter.php(353): CodeIgniter\CodeIgniter->handleRequest(null, Object(Config\Cache), false)
 8 FCPATH\index.php(79): CodeIgniter\CodeIgniter->run()
 9 SYSTEMPATH\Commands\Server\rewrite.php(47): require_once('C:\\laragon\\www\\lab3\\ci4\\public\\index.php')
ERROR - 2023-10-01 03:59:38 --> mysqli_sql_exception: Table 'ecommerce.users' doesn't exist in C:\laragon\www\lab3\ci4\system\Database\MySQLi\Connection.php:306
Stack trace:
#0 C:\laragon\www\lab3\ci4\system\Database\MySQLi\Connection.php(306): mysqli->query('SELECT 1\nFROM `...', 0)
#1 C:\laragon\www\lab3\ci4\system\Database\BaseConnection.php(692): CodeIgniter\Database\MySQLi\Connection->execute('SELECT 1\nFROM `...')
#2 C:\laragon\www\lab3\ci4\system\Database\BaseConnection.php(606): CodeIgniter\Database\BaseConnection->simpleQuery('SELECT 1\nFROM `...')
#3 C:\laragon\www\lab3\ci4\system\Database\BaseBuilder.php(1615): CodeIgniter\Database\BaseConnection->query('SELECT 1\nFROM `...', Array, false)
#4 C:\laragon\www\lab3\ci4\system\Validation\StrictRules\Rules.php(206): CodeIgniter\Database\BaseBuilder->get()
#5 C:\laragon\www\lab3\ci4\system\Validation\Validation.php(309): CodeIgniter\Validation\StrictRules\Rules->is_unique('poly@gmail.com', 'email', Array, NULL, 'email')
#6 C:\laragon\www\lab3\ci4\system\Validation\Validation.php(195): CodeIgniter\Validation\Validation->processRules('email', 'email', 'poly@gmail.com', Array, Array)
#7 C:\laragon\www\lab3\ci4\system\Controller.php(150): CodeIgniter\Validation\Validation->run()
#8 C:\laragon\www\lab3\ci4\app\Controllers\SignupController.php(27): CodeIgniter\Controller->validate(Array)
#9 C:\laragon\www\lab3\ci4\system\CodeIgniter.php(919): App\Controllers\SignupController->store()
#10 C:\laragon\www\lab3\ci4\system\CodeIgniter.php(494): CodeIgniter\CodeIgniter->runController(Object(App\Controllers\SignupController))
#11 C:\laragon\www\lab3\ci4\system\CodeIgniter.php(353): CodeIgniter\CodeIgniter->handleRequest(NULL, Object(Config\Cache), false)
#12 C:\laragon\www\lab3\ci4\public\index.php(79): CodeIgniter\CodeIgniter->run()
#13 C:\laragon\www\lab3\ci4\system\Commands\Server\rewrite.php(47): require_once('C:\\laragon\\www\\...')
#14 {main}
CRITICAL - 2023-10-01 03:59:38 --> Table 'ecommerce.users' doesn't exist
in SYSTEMPATH\Database\BaseConnection.php on line 646.
 1 SYSTEMPATH\Database\BaseBuilder.php(1615): CodeIgniter\Database\BaseConnection->query('SELECT 1
FROM `users`
WHERE `email` = :email:
 LIMIT 1', [...], false)
 2 SYSTEMPATH\Validation\StrictRules\Rules.php(206): CodeIgniter\Database\BaseBuilder->get()
 3 SYSTEMPATH\Validation\Validation.php(309): CodeIgniter\Validation\StrictRules\Rules->is_unique('poly@gmail.com', 'email', [...], null, 'email')
 4 SYSTEMPATH\Validation\Validation.php(195): CodeIgniter\Validation\Validation->processRules('email', 'email', 'poly@gmail.com', [...], [...])
 5 SYSTEMPATH\Controller.php(150): CodeIgniter\Validation\Validation->run()
 6 APPPATH\Controllers\SignupController.php(27): CodeIgniter\Controller->validate([...])
 7 SYSTEMPATH\CodeIgniter.php(919): App\Controllers\SignupController->store()
 8 SYSTEMPATH\CodeIgniter.php(494): CodeIgniter\CodeIgniter->runController(Object(App\Controllers\SignupController))
 9 SYSTEMPATH\CodeIgniter.php(353): CodeIgniter\CodeIgniter->handleRequest(null, Object(Config\Cache), false)
10 FCPATH\index.php(79): CodeIgniter\CodeIgniter->run()
11 SYSTEMPATH\Commands\Server\rewrite.php(47): require_once('C:\\laragon\\www\\lab3\\ci4\\public\\index.php')
CRITICAL - 2023-10-01 04:12:25 --> Invalid file: "signin.php"
in SYSTEMPATH\Exceptions\FrameworkException.php on line 39.
 1 SYSTEMPATH\View\View.php(214): CodeIgniter\Exceptions\FrameworkException::forInvalidFile('signin.php')
 2 SYSTEMPATH\Common.php(1188): CodeIgniter\View\View->render('signin', [], true)
 3 APPPATH\Controllers\SigninController.php(13): view('signin')
 4 SYSTEMPATH\CodeIgniter.php(919): App\Controllers\SigninController->index()
 5 SYSTEMPATH\CodeIgniter.php(494): CodeIgniter\CodeIgniter->runController(Object(App\Controllers\SigninController))
 6 SYSTEMPATH\CodeIgniter.php(353): CodeIgniter\CodeIgniter->handleRequest(null, Object(Config\Cache), false)
 7 FCPATH\index.php(79): CodeIgniter\CodeIgniter->run()
 8 SYSTEMPATH\Commands\Server\rewrite.php(47): require_once('C:\\laragon\\www\\lab3\\ci4\\public\\index.php')
CRITICAL - 2023-10-01 06:05:53 --> Call to undefined function set_value()
in APPPATH\Views\adminLogin.php on line 23.
 1 SYSTEMPATH\View\View.php(226): include()
 2 SYSTEMPATH\View\View.php(229): CodeIgniter\View\View->CodeIgniter\View\{closure}()
 3 SYSTEMPATH\Common.php(1188): CodeIgniter\View\View->render('adminLogin', [], true)
 4 APPPATH\Controllers\Home.php(72): view('adminLogin')
 5 SYSTEMPATH\CodeIgniter.php(919): App\Controllers\Home->login()
 6 SYSTEMPATH\CodeIgniter.php(494): CodeIgniter\CodeIgniter->runController(Object(App\Controllers\Home))
 7 SYSTEMPATH\CodeIgniter.php(353): CodeIgniter\CodeIgniter->handleRequest(null, Object(Config\Cache), false)
 8 FCPATH\index.php(79): CodeIgniter\CodeIgniter->run()
 9 SYSTEMPATH\Commands\Server\rewrite.php(47): require_once('C:\\laragon\\www\\lab3\\ci4\\public\\index.php')
CRITICAL - 2023-10-01 06:34:52 --> Class "App\Models\AdminModel" not found
in APPPATH\Controllers\AdminController.php on line 20.
 1 SYSTEMPATH\CodeIgniter.php(919): App\Controllers\AdminController->adminAuth()
 2 SYSTEMPATH\CodeIgniter.php(494): CodeIgniter\CodeIgniter->runController(Object(App\Controllers\AdminController))
 3 SYSTEMPATH\CodeIgniter.php(353): CodeIgniter\CodeIgniter->handleRequest(null, Object(Config\Cache), false)
 4 FCPATH\index.php(79): CodeIgniter\CodeIgniter->run()
 5 SYSTEMPATH\Commands\Server\rewrite.php(47): require_once('C:\\laragon\\www\\lab3\\ci4\\public\\index.php')
CRITICAL - 2023-10-01 06:37:19 --> Class "App\Models\AdminModel" not found
in APPPATH\Controllers\AdminController.php on line 21.
 1 SYSTEMPATH\CodeIgniter.php(919): App\Controllers\AdminController->adminAuth()
 2 SYSTEMPATH\CodeIgniter.php(494): CodeIgniter\CodeIgniter->runController(Object(App\Controllers\AdminController))
 3 SYSTEMPATH\CodeIgniter.php(353): CodeIgniter\CodeIgniter->handleRequest(null, Object(Config\Cache), false)
 4 FCPATH\index.php(79): CodeIgniter\CodeIgniter->run()
 5 SYSTEMPATH\Commands\Server\rewrite.php(47): require_once('C:\\laragon\\www\\lab3\\ci4\\public\\index.php')
CRITICAL - 2023-10-01 06:42:18 --> Class "App\Models\AdminModel" not found
in APPPATH\Controllers\AdminController.php on line 21.
 1 SYSTEMPATH\CodeIgniter.php(919): App\Controllers\AdminController->adminAuth()
 2 SYSTEMPATH\CodeIgniter.php(494): CodeIgniter\CodeIgniter->runController(Object(App\Controllers\AdminController))
 3 SYSTEMPATH\CodeIgniter.php(353): CodeIgniter\CodeIgniter->handleRequest(null, Object(Config\Cache), false)
 4 FCPATH\index.php(79): CodeIgniter\CodeIgniter->run()
 5 SYSTEMPATH\Commands\Server\rewrite.php(47): require_once('C:\\laragon\\www\\lab3\\ci4\\public\\index.php')
CRITICAL - 2023-10-01 07:31:33 --> You must supply the parameters: from, to.
in SYSTEMPATH\Router\RouteCollection.php on line 994.
 1 APPPATH\Config\Routes.php(36): CodeIgniter\Router\RouteCollection->match([...], '', 'AdminController::adminAuth')
 2 SYSTEMPATH\Router\RouteCollection.php(339): require('C:\\laragon\\www\\lab3\\ci4\\app\\Config\\Routes.php')
 3 SYSTEMPATH\CodeIgniter.php(787): CodeIgniter\Router\RouteCollection->loadRoutes()
 4 SYSTEMPATH\CodeIgniter.php(442): CodeIgniter\CodeIgniter->tryToRouteIt(null)
 5 SYSTEMPATH\CodeIgniter.php(353): CodeIgniter\CodeIgniter->handleRequest(null, Object(Config\Cache), false)
 6 FCPATH\index.php(79): CodeIgniter\CodeIgniter->run()
 7 SYSTEMPATH\Commands\Server\rewrite.php(47): require_once('C:\\laragon\\www\\lab3\\ci4\\public\\index.php')
CRITICAL - 2023-10-01 07:32:09 --> You must supply the parameters: from, to.
in SYSTEMPATH\Router\RouteCollection.php on line 994.
 1 APPPATH\Config\Routes.php(36): CodeIgniter\Router\RouteCollection->match([...], '', 'AdminController::adminAuth')
 2 SYSTEMPATH\Router\RouteCollection.php(339): require('C:\\laragon\\www\\lab3\\ci4\\app\\Config\\Routes.php')
 3 SYSTEMPATH\CodeIgniter.php(787): CodeIgniter\Router\RouteCollection->loadRoutes()
 4 SYSTEMPATH\CodeIgniter.php(442): CodeIgniter\CodeIgniter->tryToRouteIt(null)
 5 SYSTEMPATH\CodeIgniter.php(353): CodeIgniter\CodeIgniter->handleRequest(null, Object(Config\Cache), false)
 6 FCPATH\index.php(79): CodeIgniter\CodeIgniter->run()
 7 SYSTEMPATH\Commands\Server\rewrite.php(47): require_once('C:\\laragon\\www\\lab3\\ci4\\public\\index.php')
CRITICAL - 2023-10-01 07:32:19 --> You must supply the parameters: from, to.
in SYSTEMPATH\Router\RouteCollection.php on line 994.
 1 APPPATH\Config\Routes.php(36): CodeIgniter\Router\RouteCollection->match([...], '', 'AdminController::adminAuth')
 2 SYSTEMPATH\Router\RouteCollection.php(339): require('C:\\laragon\\www\\lab3\\ci4\\app\\Config\\Routes.php')
 3 SYSTEMPATH\CodeIgniter.php(787): CodeIgniter\Router\RouteCollection->loadRoutes()
 4 SYSTEMPATH\CodeIgniter.php(442): CodeIgniter\CodeIgniter->tryToRouteIt(null)
 5 SYSTEMPATH\CodeIgniter.php(353): CodeIgniter\CodeIgniter->handleRequest(null, Object(Config\Cache), false)
 6 FCPATH\index.php(79): CodeIgniter\CodeIgniter->run()
 7 SYSTEMPATH\Commands\Server\rewrite.php(47): require_once('C:\\laragon\\www\\lab3\\ci4\\public\\index.php')
CRITICAL - 2023-10-01 07:32:20 --> You must supply the parameters: from, to.
in SYSTEMPATH\Router\RouteCollection.php on line 994.
 1 APPPATH\Config\Routes.php(36): CodeIgniter\Router\RouteCollection->match([...], '', 'AdminController::adminAuth')
 2 SYSTEMPATH\Router\RouteCollection.php(339): require('C:\\laragon\\www\\lab3\\ci4\\app\\Config\\Routes.php')
 3 SYSTEMPATH\CodeIgniter.php(787): CodeIgniter\Router\RouteCollection->loadRoutes()
 4 SYSTEMPATH\CodeIgniter.php(442): CodeIgniter\CodeIgniter->tryToRouteIt(null)
 5 SYSTEMPATH\CodeIgniter.php(353): CodeIgniter\CodeIgniter->handleRequest(null, Object(Config\Cache), false)
 6 FCPATH\index.php(79): CodeIgniter\CodeIgniter->run()
 7 SYSTEMPATH\Commands\Server\rewrite.php(47): require_once('C:\\laragon\\www\\lab3\\ci4\\public\\index.php')
CRITICAL - 2023-10-01 07:33:09 --> You must supply the parameters: from, to.
in SYSTEMPATH\Router\RouteCollection.php on line 994.
 1 APPPATH\Config\Routes.php(36): CodeIgniter\Router\RouteCollection->match([...], '', 'AdminController::adminAuth')
 2 SYSTEMPATH\Router\RouteCollection.php(339): require('C:\\laragon\\www\\lab3\\ci4\\app\\Config\\Routes.php')
 3 SYSTEMPATH\CodeIgniter.php(787): CodeIgniter\Router\RouteCollection->loadRoutes()
 4 SYSTEMPATH\CodeIgniter.php(442): CodeIgniter\CodeIgniter->tryToRouteIt(null)
 5 SYSTEMPATH\CodeIgniter.php(353): CodeIgniter\CodeIgniter->handleRequest(null, Object(Config\Cache), false)
 6 FCPATH\index.php(79): CodeIgniter\CodeIgniter->run()
 7 SYSTEMPATH\Commands\Server\rewrite.php(47): require_once('C:\\laragon\\www\\lab3\\ci4\\public\\index.php')
CRITICAL - 2023-10-01 07:33:10 --> You must supply the parameters: from, to.
in SYSTEMPATH\Router\RouteCollection.php on line 994.
 1 APPPATH\Config\Routes.php(36): CodeIgniter\Router\RouteCollection->match([...], '', 'AdminController::adminAuth')
 2 SYSTEMPATH\Router\RouteCollection.php(339): require('C:\\laragon\\www\\lab3\\ci4\\app\\Config\\Routes.php')
 3 SYSTEMPATH\CodeIgniter.php(787): CodeIgniter\Router\RouteCollection->loadRoutes()
 4 SYSTEMPATH\CodeIgniter.php(442): CodeIgniter\CodeIgniter->tryToRouteIt(null)
 5 SYSTEMPATH\CodeIgniter.php(353): CodeIgniter\CodeIgniter->handleRequest(null, Object(Config\Cache), false)
 6 FCPATH\index.php(79): CodeIgniter\CodeIgniter->run()
 7 SYSTEMPATH\Commands\Server\rewrite.php(47): require_once('C:\\laragon\\www\\lab3\\ci4\\public\\index.php')
CRITICAL - 2023-10-01 07:33:23 --> You must supply the parameters: from, to.
in SYSTEMPATH\Router\RouteCollection.php on line 994.
 1 APPPATH\Config\Routes.php(36): CodeIgniter\Router\RouteCollection->match([...], '', 'AdminController::adminAuth')
 2 SYSTEMPATH\Router\RouteCollection.php(339): require('C:\\laragon\\www\\lab3\\ci4\\app\\Config\\Routes.php')
 3 SYSTEMPATH\CodeIgniter.php(787): CodeIgniter\Router\RouteCollection->loadRoutes()
 4 SYSTEMPATH\CodeIgniter.php(442): CodeIgniter\CodeIgniter->tryToRouteIt(null)
 5 SYSTEMPATH\CodeIgniter.php(353): CodeIgniter\CodeIgniter->handleRequest(null, Object(Config\Cache), false)
 6 FCPATH\index.php(79): CodeIgniter\CodeIgniter->run()
 7 SYSTEMPATH\Commands\Server\rewrite.php(47): require_once('C:\\laragon\\www\\lab3\\ci4\\public\\index.php')
CRITICAL - 2023-10-01 07:33:28 --> You must supply the parameters: from, to.
in SYSTEMPATH\Router\RouteCollection.php on line 994.
 1 APPPATH\Config\Routes.php(36): CodeIgniter\Router\RouteCollection->match([...], '', 'AdminController::adminAuth')
 2 SYSTEMPATH\Router\RouteCollection.php(339): require('C:\\laragon\\www\\lab3\\ci4\\app\\Config\\Routes.php')
 3 SYSTEMPATH\CodeIgniter.php(787): CodeIgniter\Router\RouteCollection->loadRoutes()
 4 SYSTEMPATH\CodeIgniter.php(442): CodeIgniter\CodeIgniter->tryToRouteIt(null)
 5 SYSTEMPATH\CodeIgniter.php(353): CodeIgniter\CodeIgniter->handleRequest(null, Object(Config\Cache), false)
 6 FCPATH\index.php(79): CodeIgniter\CodeIgniter->run()
 7 SYSTEMPATH\Commands\Server\rewrite.php(47): require_once('C:\\laragon\\www\\lab3\\ci4\\public\\index.php')
CRITICAL - 2023-10-01 07:35:05 --> You must supply the parameters: from, to.
in SYSTEMPATH\Router\RouteCollection.php on line 994.
 1 APPPATH\Config\Routes.php(36): CodeIgniter\Router\RouteCollection->match([...], '', 'AdminController::adminAuth')
 2 SYSTEMPATH\Router\RouteCollection.php(339): require('C:\\laragon\\www\\lab3\\ci4\\app\\Config\\Routes.php')
 3 SYSTEMPATH\CodeIgniter.php(787): CodeIgniter\Router\RouteCollection->loadRoutes()
 4 SYSTEMPATH\CodeIgniter.php(442): CodeIgniter\CodeIgniter->tryToRouteIt(null)
 5 SYSTEMPATH\CodeIgniter.php(353): CodeIgniter\CodeIgniter->handleRequest(null, Object(Config\Cache), false)
 6 FCPATH\index.php(79): CodeIgniter\CodeIgniter->run()
 7 SYSTEMPATH\Commands\Server\rewrite.php(47): require_once('C:\\laragon\\www\\lab3\\ci4\\public\\index.php')
CRITICAL - 2023-10-01 07:35:06 --> You must supply the parameters: from, to.
in SYSTEMPATH\Router\RouteCollection.php on line 994.
 1 APPPATH\Config\Routes.php(36): CodeIgniter\Router\RouteCollection->match([...], '', 'AdminController::adminAuth')
 2 SYSTEMPATH\Router\RouteCollection.php(339): require('C:\\laragon\\www\\lab3\\ci4\\app\\Config\\Routes.php')
 3 SYSTEMPATH\CodeIgniter.php(787): CodeIgniter\Router\RouteCollection->loadRoutes()
 4 SYSTEMPATH\CodeIgniter.php(442): CodeIgniter\CodeIgniter->tryToRouteIt(null)
 5 SYSTEMPATH\CodeIgniter.php(353): CodeIgniter\CodeIgniter->handleRequest(null, Object(Config\Cache), false)
 6 FCPATH\index.php(79): CodeIgniter\CodeIgniter->run()
 7 SYSTEMPATH\Commands\Server\rewrite.php(47): require_once('C:\\laragon\\www\\lab3\\ci4\\public\\index.php')
CRITICAL - 2023-10-01 07:35:45 --> You must supply the parameters: from, to.
in SYSTEMPATH\Router\RouteCollection.php on line 994.
 1 APPPATH\Config\Routes.php(36): CodeIgniter\Router\RouteCollection->match([...], '', 'AdminController::adminAuth')
 2 SYSTEMPATH\Router\RouteCollection.php(339): require('C:\\laragon\\www\\lab3\\ci4\\app\\Config\\Routes.php')
 3 SYSTEMPATH\CodeIgniter.php(787): CodeIgniter\Router\RouteCollection->loadRoutes()
 4 SYSTEMPATH\CodeIgniter.php(442): CodeIgniter\CodeIgniter->tryToRouteIt(null)
 5 SYSTEMPATH\CodeIgniter.php(353): CodeIgniter\CodeIgniter->handleRequest(null, Object(Config\Cache), false)
 6 FCPATH\index.php(79): CodeIgniter\CodeIgniter->run()
 7 SYSTEMPATH\Commands\Server\rewrite.php(47): require_once('C:\\laragon\\www\\lab3\\ci4\\public\\index.php')
CRITICAL - 2023-10-01 07:35:46 --> You must supply the parameters: from, to.
in SYSTEMPATH\Router\RouteCollection.php on line 994.
 1 APPPATH\Config\Routes.php(36): CodeIgniter\Router\RouteCollection->match([...], '', 'AdminController::adminAuth')
 2 SYSTEMPATH\Router\RouteCollection.php(339): require('C:\\laragon\\www\\lab3\\ci4\\app\\Config\\Routes.php')
 3 SYSTEMPATH\CodeIgniter.php(787): CodeIgniter\Router\RouteCollection->loadRoutes()
 4 SYSTEMPATH\CodeIgniter.php(442): CodeIgniter\CodeIgniter->tryToRouteIt(null)
 5 SYSTEMPATH\CodeIgniter.php(353): CodeIgniter\CodeIgniter->handleRequest(null, Object(Config\Cache), false)
 6 FCPATH\index.php(79): CodeIgniter\CodeIgniter->run()
 7 SYSTEMPATH\Commands\Server\rewrite.php(47): require_once('C:\\laragon\\www\\lab3\\ci4\\public\\index.php')
CRITICAL - 2023-10-01 07:35:46 --> You must supply the parameters: from, to.
in SYSTEMPATH\Router\RouteCollection.php on line 994.
 1 APPPATH\Config\Routes.php(36): CodeIgniter\Router\RouteCollection->match([...], '', 'AdminController::adminAuth')
 2 SYSTEMPATH\Router\RouteCollection.php(339): require('C:\\laragon\\www\\lab3\\ci4\\app\\Config\\Routes.php')
 3 SYSTEMPATH\CodeIgniter.php(787): CodeIgniter\Router\RouteCollection->loadRoutes()
 4 SYSTEMPATH\CodeIgniter.php(442): CodeIgniter\CodeIgniter->tryToRouteIt(null)
 5 SYSTEMPATH\CodeIgniter.php(353): CodeIgniter\CodeIgniter->handleRequest(null, Object(Config\Cache), false)
 6 FCPATH\index.php(79): CodeIgniter\CodeIgniter->run()
 7 SYSTEMPATH\Commands\Server\rewrite.php(47): require_once('C:\\laragon\\www\\lab3\\ci4\\public\\index.php')
CRITICAL - 2023-10-01 07:35:46 --> You must supply the parameters: from, to.
in SYSTEMPATH\Router\RouteCollection.php on line 994.
 1 APPPATH\Config\Routes.php(36): CodeIgniter\Router\RouteCollection->match([...], '', 'AdminController::adminAuth')
 2 SYSTEMPATH\Router\RouteCollection.php(339): require('C:\\laragon\\www\\lab3\\ci4\\app\\Config\\Routes.php')
 3 SYSTEMPATH\CodeIgniter.php(787): CodeIgniter\Router\RouteCollection->loadRoutes()
 4 SYSTEMPATH\CodeIgniter.php(442): CodeIgniter\CodeIgniter->tryToRouteIt(null)
 5 SYSTEMPATH\CodeIgniter.php(353): CodeIgniter\CodeIgniter->handleRequest(null, Object(Config\Cache), false)
 6 FCPATH\index.php(79): CodeIgniter\CodeIgniter->run()
 7 SYSTEMPATH\Commands\Server\rewrite.php(47): require_once('C:\\laragon\\www\\lab3\\ci4\\public\\index.php')
CRITICAL - 2023-10-01 07:35:47 --> You must supply the parameters: from, to.
in SYSTEMPATH\Router\RouteCollection.php on line 994.
 1 APPPATH\Config\Routes.php(36): CodeIgniter\Router\RouteCollection->match([...], '', 'AdminController::adminAuth')
 2 SYSTEMPATH\Router\RouteCollection.php(339): require('C:\\laragon\\www\\lab3\\ci4\\app\\Config\\Routes.php')
 3 SYSTEMPATH\CodeIgniter.php(787): CodeIgniter\Router\RouteCollection->loadRoutes()
 4 SYSTEMPATH\CodeIgniter.php(442): CodeIgniter\CodeIgniter->tryToRouteIt(null)
 5 SYSTEMPATH\CodeIgniter.php(353): CodeIgniter\CodeIgniter->handleRequest(null, Object(Config\Cache), false)
 6 FCPATH\index.php(79): CodeIgniter\CodeIgniter->run()
 7 SYSTEMPATH\Commands\Server\rewrite.php(47): require_once('C:\\laragon\\www\\lab3\\ci4\\public\\index.php')
CRITICAL - 2023-10-01 07:36:27 --> You must supply the parameters: from, to.
in SYSTEMPATH\Router\RouteCollection.php on line 994.
 1 APPPATH\Config\Routes.php(36): CodeIgniter\Router\RouteCollection->match([...], '', 'AdminController::adminAuth')
 2 SYSTEMPATH\Router\RouteCollection.php(339): require('C:\\laragon\\www\\lab3\\ci4\\app\\Config\\Routes.php')
 3 SYSTEMPATH\CodeIgniter.php(787): CodeIgniter\Router\RouteCollection->loadRoutes()
 4 SYSTEMPATH\CodeIgniter.php(442): CodeIgniter\CodeIgniter->tryToRouteIt(null)
 5 SYSTEMPATH\CodeIgniter.php(353): CodeIgniter\CodeIgniter->handleRequest(null, Object(Config\Cache), false)
 6 FCPATH\index.php(79): CodeIgniter\CodeIgniter->run()
 7 SYSTEMPATH\Commands\Server\rewrite.php(47): require_once('C:\\laragon\\www\\lab3\\ci4\\public\\index.php')
CRITICAL - 2023-10-01 07:36:28 --> You must supply the parameters: from, to.
in SYSTEMPATH\Router\RouteCollection.php on line 994.
 1 APPPATH\Config\Routes.php(36): CodeIgniter\Router\RouteCollection->match([...], '', 'AdminController::adminAuth')
 2 SYSTEMPATH\Router\RouteCollection.php(339): require('C:\\laragon\\www\\lab3\\ci4\\app\\Config\\Routes.php')
 3 SYSTEMPATH\CodeIgniter.php(787): CodeIgniter\Router\RouteCollection->loadRoutes()
 4 SYSTEMPATH\CodeIgniter.php(442): CodeIgniter\CodeIgniter->tryToRouteIt(null)
 5 SYSTEMPATH\CodeIgniter.php(353): CodeIgniter\CodeIgniter->handleRequest(null, Object(Config\Cache), false)
 6 FCPATH\index.php(79): CodeIgniter\CodeIgniter->run()
 7 SYSTEMPATH\Commands\Server\rewrite.php(47): require_once('C:\\laragon\\www\\lab3\\ci4\\public\\index.php')
CRITICAL - 2023-10-01 07:36:32 --> You must supply the parameters: from, to.
in SYSTEMPATH\Router\RouteCollection.php on line 994.
 1 APPPATH\Config\Routes.php(36): CodeIgniter\Router\RouteCollection->match([...], '', 'AdminController::adminAuth')
 2 SYSTEMPATH\Router\RouteCollection.php(339): require('C:\\laragon\\www\\lab3\\ci4\\app\\Config\\Routes.php')
 3 SYSTEMPATH\CodeIgniter.php(787): CodeIgniter\Router\RouteCollection->loadRoutes()
 4 SYSTEMPATH\CodeIgniter.php(442): CodeIgniter\CodeIgniter->tryToRouteIt(null)
 5 SYSTEMPATH\CodeIgniter.php(353): CodeIgniter\CodeIgniter->handleRequest(null, Object(Config\Cache), false)
 6 FCPATH\index.php(79): CodeIgniter\CodeIgniter->run()
 7 SYSTEMPATH\Commands\Server\rewrite.php(47): require_once('C:\\laragon\\www\\lab3\\ci4\\public\\index.php')
CRITICAL - 2023-10-01 07:36:32 --> You must supply the parameters: from, to.
in SYSTEMPATH\Router\RouteCollection.php on line 994.
 1 APPPATH\Config\Routes.php(36): CodeIgniter\Router\RouteCollection->match([...], '', 'AdminController::adminAuth')
 2 SYSTEMPATH\Router\RouteCollection.php(339): require('C:\\laragon\\www\\lab3\\ci4\\app\\Config\\Routes.php')
 3 SYSTEMPATH\CodeIgniter.php(787): CodeIgniter\Router\RouteCollection->loadRoutes()
 4 SYSTEMPATH\CodeIgniter.php(442): CodeIgniter\CodeIgniter->tryToRouteIt(null)
 5 SYSTEMPATH\CodeIgniter.php(353): CodeIgniter\CodeIgniter->handleRequest(null, Object(Config\Cache), false)
 6 FCPATH\index.php(79): CodeIgniter\CodeIgniter->run()
 7 SYSTEMPATH\Commands\Server\rewrite.php(47): require_once('C:\\laragon\\www\\lab3\\ci4\\public\\index.php')
CRITICAL - 2023-10-01 07:36:39 --> You must supply the parameters: from, to.
in SYSTEMPATH\Router\RouteCollection.php on line 994.
 1 APPPATH\Config\Routes.php(36): CodeIgniter\Router\RouteCollection->match([...], '', 'AdminController::adminAuth')
 2 SYSTEMPATH\Router\RouteCollection.php(339): require('C:\\laragon\\www\\lab3\\ci4\\app\\Config\\Routes.php')
 3 SYSTEMPATH\CodeIgniter.php(787): CodeIgniter\Router\RouteCollection->loadRoutes()
 4 SYSTEMPATH\CodeIgniter.php(442): CodeIgniter\CodeIgniter->tryToRouteIt(null)
 5 SYSTEMPATH\CodeIgniter.php(353): CodeIgniter\CodeIgniter->handleRequest(null, Object(Config\Cache), false)
 6 FCPATH\index.php(79): CodeIgniter\CodeIgniter->run()
 7 SYSTEMPATH\Commands\Server\rewrite.php(47): require_once('C:\\laragon\\www\\lab3\\ci4\\public\\index.php')
CRITICAL - 2023-10-01 07:37:37 --> You must supply the parameters: from, to.
in SYSTEMPATH\Router\RouteCollection.php on line 994.
 1 APPPATH\Config\Routes.php(36): CodeIgniter\Router\RouteCollection->match([...], '', 'AdminController::adminAuth')
 2 SYSTEMPATH\Router\RouteCollection.php(339): require('C:\\laragon\\www\\lab3\\ci4\\app\\Config\\Routes.php')
 3 SYSTEMPATH\CodeIgniter.php(787): CodeIgniter\Router\RouteCollection->loadRoutes()
 4 SYSTEMPATH\CodeIgniter.php(442): CodeIgniter\CodeIgniter->tryToRouteIt(null)
 5 SYSTEMPATH\CodeIgniter.php(353): CodeIgniter\CodeIgniter->handleRequest(null, Object(Config\Cache), false)
 6 FCPATH\index.php(79): CodeIgniter\CodeIgniter->run()
 7 SYSTEMPATH\Commands\Server\rewrite.php(47): require_once('C:\\laragon\\www\\lab3\\ci4\\public\\index.php')
CRITICAL - 2023-10-01 07:37:37 --> You must supply the parameters: from, to.
in SYSTEMPATH\Router\RouteCollection.php on line 994.
 1 APPPATH\Config\Routes.php(36): CodeIgniter\Router\RouteCollection->match([...], '', 'AdminController::adminAuth')
 2 SYSTEMPATH\Router\RouteCollection.php(339): require('C:\\laragon\\www\\lab3\\ci4\\app\\Config\\Routes.php')
 3 SYSTEMPATH\CodeIgniter.php(787): CodeIgniter\Router\RouteCollection->loadRoutes()
 4 SYSTEMPATH\CodeIgniter.php(442): CodeIgniter\CodeIgniter->tryToRouteIt(null)
 5 SYSTEMPATH\CodeIgniter.php(353): CodeIgniter\CodeIgniter->handleRequest(null, Object(Config\Cache), false)
 6 FCPATH\index.php(79): CodeIgniter\CodeIgniter->run()
 7 SYSTEMPATH\Commands\Server\rewrite.php(47): require_once('C:\\laragon\\www\\lab3\\ci4\\public\\index.php')
CRITICAL - 2023-10-01 07:37:38 --> You must supply the parameters: from, to.
in SYSTEMPATH\Router\RouteCollection.php on line 994.
 1 APPPATH\Config\Routes.php(36): CodeIgniter\Router\RouteCollection->match([...], '', 'AdminController::adminAuth')
 2 SYSTEMPATH\Router\RouteCollection.php(339): require('C:\\laragon\\www\\lab3\\ci4\\app\\Config\\Routes.php')
 3 SYSTEMPATH\CodeIgniter.php(787): CodeIgniter\Router\RouteCollection->loadRoutes()
 4 SYSTEMPATH\CodeIgniter.php(442): CodeIgniter\CodeIgniter->tryToRouteIt(null)
 5 SYSTEMPATH\CodeIgniter.php(353): CodeIgniter\CodeIgniter->handleRequest(null, Object(Config\Cache), false)
 6 FCPATH\index.php(79): CodeIgniter\CodeIgniter->run()
 7 SYSTEMPATH\Commands\Server\rewrite.php(47): require_once('C:\\laragon\\www\\lab3\\ci4\\public\\index.php')
CRITICAL - 2023-10-01 07:37:39 --> You must supply the parameters: from, to.
in SYSTEMPATH\Router\RouteCollection.php on line 994.
 1 APPPATH\Config\Routes.php(36): CodeIgniter\Router\RouteCollection->match([...], '', 'AdminController::adminAuth')
 2 SYSTEMPATH\Router\RouteCollection.php(339): require('C:\\laragon\\www\\lab3\\ci4\\app\\Config\\Routes.php')
 3 SYSTEMPATH\CodeIgniter.php(787): CodeIgniter\Router\RouteCollection->loadRoutes()
 4 SYSTEMPATH\CodeIgniter.php(442): CodeIgniter\CodeIgniter->tryToRouteIt(null)
 5 SYSTEMPATH\CodeIgniter.php(353): CodeIgniter\CodeIgniter->handleRequest(null, Object(Config\Cache), false)
 6 FCPATH\index.php(79): CodeIgniter\CodeIgniter->run()
 7 SYSTEMPATH\Commands\Server\rewrite.php(47): require_once('C:\\laragon\\www\\lab3\\ci4\\public\\index.php')
CRITICAL - 2023-10-01 07:37:40 --> You must supply the parameters: from, to.
in SYSTEMPATH\Router\RouteCollection.php on line 994.
 1 APPPATH\Config\Routes.php(36): CodeIgniter\Router\RouteCollection->match([...], '', 'AdminController::adminAuth')
 2 SYSTEMPATH\Router\RouteCollection.php(339): require('C:\\laragon\\www\\lab3\\ci4\\app\\Config\\Routes.php')
 3 SYSTEMPATH\CodeIgniter.php(787): CodeIgniter\Router\RouteCollection->loadRoutes()
 4 SYSTEMPATH\CodeIgniter.php(442): CodeIgniter\CodeIgniter->tryToRouteIt(null)
 5 SYSTEMPATH\CodeIgniter.php(353): CodeIgniter\CodeIgniter->handleRequest(null, Object(Config\Cache), false)
 6 FCPATH\index.php(79): CodeIgniter\CodeIgniter->run()
 7 SYSTEMPATH\Commands\Server\rewrite.php(47): require_once('C:\\laragon\\www\\lab3\\ci4\\public\\index.php')
CRITICAL - 2023-10-01 07:38:53 --> You must supply the parameters: from, to.
in SYSTEMPATH\Router\RouteCollection.php on line 994.
 1 APPPATH\Config\Routes.php(36): CodeIgniter\Router\RouteCollection->match([...], '', 'AdminController::adminAuth')
 2 SYSTEMPATH\Router\RouteCollection.php(339): require('C:\\laragon\\www\\lab3\\ci4\\app\\Config\\Routes.php')
 3 SYSTEMPATH\CodeIgniter.php(787): CodeIgniter\Router\RouteCollection->loadRoutes()
 4 SYSTEMPATH\CodeIgniter.php(442): CodeIgniter\CodeIgniter->tryToRouteIt(null)
 5 SYSTEMPATH\CodeIgniter.php(353): CodeIgniter\CodeIgniter->handleRequest(null, Object(Config\Cache), false)
 6 FCPATH\index.php(79): CodeIgniter\CodeIgniter->run()
 7 SYSTEMPATH\Commands\Server\rewrite.php(47): require_once('C:\\laragon\\www\\lab3\\ci4\\public\\index.php')
CRITICAL - 2023-10-01 07:38:54 --> You must supply the parameters: from, to.
in SYSTEMPATH\Router\RouteCollection.php on line 994.
 1 APPPATH\Config\Routes.php(36): CodeIgniter\Router\RouteCollection->match([...], '', 'AdminController::adminAuth')
 2 SYSTEMPATH\Router\RouteCollection.php(339): require('C:\\laragon\\www\\lab3\\ci4\\app\\Config\\Routes.php')
 3 SYSTEMPATH\CodeIgniter.php(787): CodeIgniter\Router\RouteCollection->loadRoutes()
 4 SYSTEMPATH\CodeIgniter.php(442): CodeIgniter\CodeIgniter->tryToRouteIt(null)
 5 SYSTEMPATH\CodeIgniter.php(353): CodeIgniter\CodeIgniter->handleRequest(null, Object(Config\Cache), false)
 6 FCPATH\index.php(79): CodeIgniter\CodeIgniter->run()
 7 SYSTEMPATH\Commands\Server\rewrite.php(47): require_once('C:\\laragon\\www\\lab3\\ci4\\public\\index.php')
CRITICAL - 2023-10-01 07:38:54 --> You must supply the parameters: from, to.
in SYSTEMPATH\Router\RouteCollection.php on line 994.
 1 APPPATH\Config\Routes.php(36): CodeIgniter\Router\RouteCollection->match([...], '', 'AdminController::adminAuth')
 2 SYSTEMPATH\Router\RouteCollection.php(339): require('C:\\laragon\\www\\lab3\\ci4\\app\\Config\\Routes.php')
 3 SYSTEMPATH\CodeIgniter.php(787): CodeIgniter\Router\RouteCollection->loadRoutes()
 4 SYSTEMPATH\CodeIgniter.php(442): CodeIgniter\CodeIgniter->tryToRouteIt(null)
 5 SYSTEMPATH\CodeIgniter.php(353): CodeIgniter\CodeIgniter->handleRequest(null, Object(Config\Cache), false)
 6 FCPATH\index.php(79): CodeIgniter\CodeIgniter->run()
 7 SYSTEMPATH\Commands\Server\rewrite.php(47): require_once('C:\\laragon\\www\\lab3\\ci4\\public\\index.php')
CRITICAL - 2023-10-01 07:38:54 --> You must supply the parameters: from, to.
in SYSTEMPATH\Router\RouteCollection.php on line 994.
 1 APPPATH\Config\Routes.php(36): CodeIgniter\Router\RouteCollection->match([...], '', 'AdminController::adminAuth')
 2 SYSTEMPATH\Router\RouteCollection.php(339): require('C:\\laragon\\www\\lab3\\ci4\\app\\Config\\Routes.php')
 3 SYSTEMPATH\CodeIgniter.php(787): CodeIgniter\Router\RouteCollection->loadRoutes()
 4 SYSTEMPATH\CodeIgniter.php(442): CodeIgniter\CodeIgniter->tryToRouteIt(null)
 5 SYSTEMPATH\CodeIgniter.php(353): CodeIgniter\CodeIgniter->handleRequest(null, Object(Config\Cache), false)
 6 FCPATH\index.php(79): CodeIgniter\CodeIgniter->run()
 7 SYSTEMPATH\Commands\Server\rewrite.php(47): require_once('C:\\laragon\\www\\lab3\\ci4\\public\\index.php')
CRITICAL - 2023-10-01 07:40:21 --> Undefined variable $product
in APPPATH\Views\tables.php on line 287.
 1 APPPATH\Views\tables.php(287): CodeIgniter\Debug\Exceptions->errorHandler(2, 'Undefined variable $product', 'C:\\laragon\\www\\lab3\\ci4\\app\\Views\\tables.php', 287)
 2 SYSTEMPATH\View\View.php(226): include('C:\\laragon\\www\\lab3\\ci4\\app\\Views\\tables.php')
 3 SYSTEMPATH\View\View.php(229): CodeIgniter\View\View->CodeIgniter\View\{closure}()
 4 SYSTEMPATH\Common.php(1188): CodeIgniter\View\View->render('tables', [], true)
 5 APPPATH\Controllers\Home.php(77): view('tables')
 6 SYSTEMPATH\CodeIgniter.php(919): App\Controllers\Home->tables()
 7 SYSTEMPATH\CodeIgniter.php(494): CodeIgniter\CodeIgniter->runController(Object(App\Controllers\Home))
 8 SYSTEMPATH\CodeIgniter.php(353): CodeIgniter\CodeIgniter->handleRequest(null, Object(Config\Cache), false)
 9 FCPATH\index.php(79): CodeIgniter\CodeIgniter->run()
10 SYSTEMPATH\Commands\Server\rewrite.php(47): require_once('C:\\laragon\\www\\lab3\\ci4\\public\\index.php')
CRITICAL - 2023-10-01 07:40:23 --> Undefined variable $product
in APPPATH\Views\tables.php on line 287.
 1 APPPATH\Views\tables.php(287): CodeIgniter\Debug\Exceptions->errorHandler(2, 'Undefined variable $product', 'C:\\laragon\\www\\lab3\\ci4\\app\\Views\\tables.php', 287)
 2 SYSTEMPATH\View\View.php(226): include('C:\\laragon\\www\\lab3\\ci4\\app\\Views\\tables.php')
 3 SYSTEMPATH\View\View.php(229): CodeIgniter\View\View->CodeIgniter\View\{closure}()
 4 SYSTEMPATH\Common.php(1188): CodeIgniter\View\View->render('tables', [], true)
 5 APPPATH\Controllers\Home.php(77): view('tables')
 6 SYSTEMPATH\CodeIgniter.php(919): App\Controllers\Home->tables()
 7 SYSTEMPATH\CodeIgniter.php(494): CodeIgniter\CodeIgniter->runController(Object(App\Controllers\Home))
 8 SYSTEMPATH\CodeIgniter.php(353): CodeIgniter\CodeIgniter->handleRequest(null, Object(Config\Cache), false)
 9 FCPATH\index.php(79): CodeIgniter\CodeIgniter->run()
10 SYSTEMPATH\Commands\Server\rewrite.php(47): require_once('C:\\laragon\\www\\lab3\\ci4\\public\\index.php')
CRITICAL - 2023-10-01 07:40:51 --> Undefined variable $product
in APPPATH\Views\tables.php on line 287.
 1 APPPATH\Views\tables.php(287): CodeIgniter\Debug\Exceptions->errorHandler(2, 'Undefined variable $product', 'C:\\laragon\\www\\lab3\\ci4\\app\\Views\\tables.php', 287)
 2 SYSTEMPATH\View\View.php(226): include('C:\\laragon\\www\\lab3\\ci4\\app\\Views\\tables.php')
 3 SYSTEMPATH\View\View.php(229): CodeIgniter\View\View->CodeIgniter\View\{closure}()
 4 SYSTEMPATH\Common.php(1188): CodeIgniter\View\View->render('tables', [], true)
 5 APPPATH\Controllers\Home.php(77): view('tables')
 6 SYSTEMPATH\CodeIgniter.php(919): App\Controllers\Home->tables()
 7 SYSTEMPATH\CodeIgniter.php(494): CodeIgniter\CodeIgniter->runController(Object(App\Controllers\Home))
 8 SYSTEMPATH\CodeIgniter.php(353): CodeIgniter\CodeIgniter->handleRequest(null, Object(Config\Cache), false)
 9 FCPATH\index.php(79): CodeIgniter\CodeIgniter->run()
10 SYSTEMPATH\Commands\Server\rewrite.php(47): require_once('C:\\laragon\\www\\lab3\\ci4\\public\\index.php')
CRITICAL - 2023-10-01 07:40:59 --> Undefined variable $product
in APPPATH\Views\tables.php on line 287.
 1 APPPATH\Views\tables.php(287): CodeIgniter\Debug\Exceptions->errorHandler(2, 'Undefined variable $product', 'C:\\laragon\\www\\lab3\\ci4\\app\\Views\\tables.php', 287)
 2 SYSTEMPATH\View\View.php(226): include('C:\\laragon\\www\\lab3\\ci4\\app\\Views\\tables.php')
 3 SYSTEMPATH\View\View.php(229): CodeIgniter\View\View->CodeIgniter\View\{closure}()
 4 SYSTEMPATH\Common.php(1188): CodeIgniter\View\View->render('tables', [], true)
 5 APPPATH\Controllers\Home.php(77): view('tables')
 6 SYSTEMPATH\CodeIgniter.php(919): App\Controllers\Home->tables()
 7 SYSTEMPATH\CodeIgniter.php(494): CodeIgniter\CodeIgniter->runController(Object(App\Controllers\Home))
 8 SYSTEMPATH\CodeIgniter.php(353): CodeIgniter\CodeIgniter->handleRequest(null, Object(Config\Cache), false)
 9 FCPATH\index.php(79): CodeIgniter\CodeIgniter->run()
10 SYSTEMPATH\Commands\Server\rewrite.php(47): require_once('C:\\laragon\\www\\lab3\\ci4\\public\\index.php')
CRITICAL - 2023-10-01 07:45:15 --> Undefined variable $product
in APPPATH\Views\furniture.php on line 102.
 1 APPPATH\Views\furniture.php(102): CodeIgniter\Debug\Exceptions->errorHandler(2, 'Undefined variable $product', 'C:\\laragon\\www\\lab3\\ci4\\app\\Views\\furniture.php', 102)
 2 SYSTEMPATH\View\View.php(226): include('C:\\laragon\\www\\lab3\\ci4\\app\\Views\\furniture.php')
 3 SYSTEMPATH\View\View.php(229): CodeIgniter\View\View->CodeIgniter\View\{closure}()
 4 SYSTEMPATH\Common.php(1188): CodeIgniter\View\View->render('furniture', [], true)
 5 APPPATH\Controllers\Home.php(50): view('furniture')
 6 SYSTEMPATH\CodeIgniter.php(919): App\Controllers\Home->furniture()
 7 SYSTEMPATH\CodeIgniter.php(494): CodeIgniter\CodeIgniter->runController(Object(App\Controllers\Home))
 8 SYSTEMPATH\CodeIgniter.php(353): CodeIgniter\CodeIgniter->handleRequest(null, Object(Config\Cache), false)
 9 FCPATH\index.php(79): CodeIgniter\CodeIgniter->run()
10 SYSTEMPATH\Commands\Server\rewrite.php(47): require_once('C:\\laragon\\www\\lab3\\ci4\\public\\index.php')
CRITICAL - 2023-10-01 07:45:17 --> Undefined variable $product
in APPPATH\Views\furniture.php on line 102.
 1 APPPATH\Views\furniture.php(102): CodeIgniter\Debug\Exceptions->errorHandler(2, 'Undefined variable $product', 'C:\\laragon\\www\\lab3\\ci4\\app\\Views\\furniture.php', 102)
 2 SYSTEMPATH\View\View.php(226): include('C:\\laragon\\www\\lab3\\ci4\\app\\Views\\furniture.php')
 3 SYSTEMPATH\View\View.php(229): CodeIgniter\View\View->CodeIgniter\View\{closure}()
 4 SYSTEMPATH\Common.php(1188): CodeIgniter\View\View->render('furniture', [], true)
 5 APPPATH\Controllers\Home.php(50): view('furniture')
 6 SYSTEMPATH\CodeIgniter.php(919): App\Controllers\Home->furniture()
 7 SYSTEMPATH\CodeIgniter.php(494): CodeIgniter\CodeIgniter->runController(Object(App\Controllers\Home))
 8 SYSTEMPATH\CodeIgniter.php(353): CodeIgniter\CodeIgniter->handleRequest(null, Object(Config\Cache), false)
 9 FCPATH\index.php(79): CodeIgniter\CodeIgniter->run()
10 SYSTEMPATH\Commands\Server\rewrite.php(47): require_once('C:\\laragon\\www\\lab3\\ci4\\public\\index.php')
CRITICAL - 2023-10-01 07:45:35 --> Undefined variable $product
in APPPATH\Views\furniture.php on line 102.
 1 APPPATH\Views\furniture.php(102): CodeIgniter\Debug\Exceptions->errorHandler(2, 'Undefined variable $product', 'C:\\laragon\\www\\lab3\\ci4\\app\\Views\\furniture.php', 102)
 2 SYSTEMPATH\View\View.php(226): include('C:\\laragon\\www\\lab3\\ci4\\app\\Views\\furniture.php')
 3 SYSTEMPATH\View\View.php(229): CodeIgniter\View\View->CodeIgniter\View\{closure}()
 4 SYSTEMPATH\Common.php(1188): CodeIgniter\View\View->render('furniture', [], true)
 5 APPPATH\Controllers\Home.php(50): view('furniture')
 6 SYSTEMPATH\CodeIgniter.php(919): App\Controllers\Home->furniture()
 7 SYSTEMPATH\CodeIgniter.php(494): CodeIgniter\CodeIgniter->runController(Object(App\Controllers\Home))
 8 SYSTEMPATH\CodeIgniter.php(353): CodeIgniter\CodeIgniter->handleRequest(null, Object(Config\Cache), false)
 9 FCPATH\index.php(79): CodeIgniter\CodeIgniter->run()
10 SYSTEMPATH\Commands\Server\rewrite.php(47): require_once('C:\\laragon\\www\\lab3\\ci4\\public\\index.php')
CRITICAL - 2023-10-01 08:24:34 --> Undefined variable $product
in APPPATH\Views\tables.php on line 287.
 1 APPPATH\Views\tables.php(287): CodeIgniter\Debug\Exceptions->errorHandler(2, 'Undefined variable $product', 'C:\\laragon\\www\\lab3\\ci4\\app\\Views\\tables.php', 287)
 2 SYSTEMPATH\View\View.php(226): include('C:\\laragon\\www\\lab3\\ci4\\app\\Views\\tables.php')
 3 SYSTEMPATH\View\View.php(229): CodeIgniter\View\View->CodeIgniter\View\{closure}()
 4 SYSTEMPATH\Common.php(1188): CodeIgniter\View\View->render('tables', [], true)
 5 APPPATH\Controllers\Home.php(74): view('tables')
 6 SYSTEMPATH\CodeIgniter.php(919): App\Controllers\Home->tables()
 7 SYSTEMPATH\CodeIgniter.php(494): CodeIgniter\CodeIgniter->runController(Object(App\Controllers\Home))
 8 SYSTEMPATH\CodeIgniter.php(353): CodeIgniter\CodeIgniter->handleRequest(null, Object(Config\Cache), false)
 9 FCPATH\index.php(79): CodeIgniter\CodeIgniter->run()
10 SYSTEMPATH\Commands\Server\rewrite.php(47): require_once('C:\\laragon\\www\\lab3\\ci4\\public\\index.php')
CRITICAL - 2023-10-01 08:24:35 --> Undefined variable $product
in APPPATH\Views\tables.php on line 287.
 1 APPPATH\Views\tables.php(287): CodeIgniter\Debug\Exceptions->errorHandler(2, 'Undefined variable $product', 'C:\\laragon\\www\\lab3\\ci4\\app\\Views\\tables.php', 287)
 2 SYSTEMPATH\View\View.php(226): include('C:\\laragon\\www\\lab3\\ci4\\app\\Views\\tables.php')
 3 SYSTEMPATH\View\View.php(229): CodeIgniter\View\View->CodeIgniter\View\{closure}()
 4 SYSTEMPATH\Common.php(1188): CodeIgniter\View\View->render('tables', [], true)
 5 APPPATH\Controllers\Home.php(74): view('tables')
 6 SYSTEMPATH\CodeIgniter.php(919): App\Controllers\Home->tables()
 7 SYSTEMPATH\CodeIgniter.php(494): CodeIgniter\CodeIgniter->runController(Object(App\Controllers\Home))
 8 SYSTEMPATH\CodeIgniter.php(353): CodeIgniter\CodeIgniter->handleRequest(null, Object(Config\Cache), false)
 9 FCPATH\index.php(79): CodeIgniter\CodeIgniter->run()
10 SYSTEMPATH\Commands\Server\rewrite.php(47): require_once('C:\\laragon\\www\\lab3\\ci4\\public\\index.php')
