CRITICAL - 2023-09-28 12:19:38 --> Invalid file: "header.php"
in SYSTEMPATH\Exceptions\FrameworkException.php on line 39.
 1 SYSTEMPATH\View\View.php(214): CodeIgniter\Exceptions\FrameworkException::forInvalidFile('header.php')
 2 SYSTEMPATH\View\View.php(467): CodeIgniter\View\View->render('header', null, true)
 3 APPPATH\Views\tables.php(24): CodeIgniter\View\View->include('header')
 4 SYSTEMPATH\View\View.php(226): include('C:\\laragon\\www\\lab3\\ci4\\app\\Views\\tables.php')
 5 SYSTEMPATH\View\View.php(229): CodeIgniter\View\View->CodeIgniter\View\{closure}()
 6 SYSTEMPATH\Common.php(1188): CodeIgniter\View\View->render('tables', [], true)
 7 APPPATH\Controllers\Home.php(39): view('tables')
 8 SYSTEMPATH\CodeIgniter.php(919): App\Controllers\Home->tables()
 9 SYSTEMPATH\CodeIgniter.php(494): CodeIgniter\CodeIgniter->runController(Object(App\Controllers\Home))
10 SYSTEMPATH\CodeIgniter.php(353): CodeIgniter\CodeIgniter->handleRequest(null, Object(Config\Cache), false)
11 FCPATH\index.php(79): CodeIgniter\CodeIgniter->run()
12 SYSTEMPATH\Commands\Server\rewrite.php(47): require_once('C:\\laragon\\www\\lab3\\ci4\\public\\index.php')
CRITICAL - 2023-09-28 12:21:18 --> syntax error, unexpected token "<", expecting end of file
in APPPATH\Views\tables.php on line 200.
 1 SYSTEMPATH\View\View.php(229): CodeIgniter\View\View->CodeIgniter\View\{closure}()
 2 SYSTEMPATH\Common.php(1188): CodeIgniter\View\View->render('tables', [], true)
 3 APPPATH\Controllers\Home.php(39): view('tables')
 4 SYSTEMPATH\CodeIgniter.php(919): App\Controllers\Home->tables()
 5 SYSTEMPATH\CodeIgniter.php(494): CodeIgniter\CodeIgniter->runController(Object(App\Controllers\Home))
 6 SYSTEMPATH\CodeIgniter.php(353): CodeIgniter\CodeIgniter->handleRequest(null, Object(Config\Cache), false)
 7 FCPATH\index.php(79): CodeIgniter\CodeIgniter->run()
 8 SYSTEMPATH\Commands\Server\rewrite.php(47): require_once('C:\\laragon\\www\\lab3\\ci4\\public\\index.php')
CRITICAL - 2023-09-28 13:47:42 --> Call to undefined method App\Models\ProductModel::insertProduct
in SYSTEMPATH\Model.php on line 873.
 1 APPPATH\Controllers\ProductController.php(45): CodeIgniter\Model->__call('insertProduct', [...])
 2 SYSTEMPATH\CodeIgniter.php(919): App\Controllers\ProductController->insert()
 3 SYSTEMPATH\CodeIgniter.php(494): CodeIgniter\CodeIgniter->runController(Object(App\Controllers\ProductController))
 4 SYSTEMPATH\CodeIgniter.php(353): CodeIgniter\CodeIgniter->handleRequest(null, Object(Config\Cache), false)
 5 FCPATH\index.php(79): CodeIgniter\CodeIgniter->run()
 6 SYSTEMPATH\Commands\Server\rewrite.php(47): require_once('C:\\laragon\\www\\lab3\\ci4\\public\\index.php')
CRITICAL - 2023-09-28 13:57:08 --> Call to undefined method App\Models\ProductModel::insertProduct
in SYSTEMPATH\Model.php on line 873.
 1 APPPATH\Controllers\ProductController.php(45): CodeIgniter\Model->__call('insertProduct', [...])
 2 SYSTEMPATH\CodeIgniter.php(919): App\Controllers\ProductController->insert()
 3 SYSTEMPATH\CodeIgniter.php(494): CodeIgniter\CodeIgniter->runController(Object(App\Controllers\ProductController))
 4 SYSTEMPATH\CodeIgniter.php(353): CodeIgniter\CodeIgniter->handleRequest(null, Object(Config\Cache), false)
 5 FCPATH\index.php(79): CodeIgniter\CodeIgniter->run()
 6 SYSTEMPATH\Commands\Server\rewrite.php(47): require_once('C:\\laragon\\www\\lab3\\ci4\\public\\index.php')
CRITICAL - 2023-09-28 14:10:49 --> Undefined variable $products
in APPPATH\Views\tables.php on line 222.
 1 APPPATH\Views\tables.php(222): CodeIgniter\Debug\Exceptions->errorHandler(2, 'Undefined variable $products', 'C:\\laragon\\www\\lab3\\ci4\\app\\Views\\tables.php', 222)
 2 SYSTEMPATH\View\View.php(226): include('C:\\laragon\\www\\lab3\\ci4\\app\\Views\\tables.php')
 3 SYSTEMPATH\View\View.php(229): CodeIgniter\View\View->CodeIgniter\View\{closure}()
 4 SYSTEMPATH\Common.php(1188): CodeIgniter\View\View->render('tables', [], true)
 5 APPPATH\Controllers\Home.php(39): view('tables')
 6 SYSTEMPATH\CodeIgniter.php(919): App\Controllers\Home->tables()
 7 SYSTEMPATH\CodeIgniter.php(494): CodeIgniter\CodeIgniter->runController(Object(App\Controllers\Home))
 8 SYSTEMPATH\CodeIgniter.php(353): CodeIgniter\CodeIgniter->handleRequest(null, Object(Config\Cache), false)
 9 FCPATH\index.php(79): CodeIgniter\CodeIgniter->run()
10 SYSTEMPATH\Commands\Server\rewrite.php(47): require_once('C:\\laragon\\www\\lab3\\ci4\\public\\index.php')
CRITICAL - 2023-09-28 14:15:48 --> Undefined variable $products
in APPPATH\Views\tables.php on line 222.
 1 APPPATH\Views\tables.php(222): CodeIgniter\Debug\Exceptions->errorHandler(2, 'Undefined variable $products', 'C:\\laragon\\www\\lab3\\ci4\\app\\Views\\tables.php', 222)
 2 SYSTEMPATH\View\View.php(226): include('C:\\laragon\\www\\lab3\\ci4\\app\\Views\\tables.php')
 3 SYSTEMPATH\View\View.php(229): CodeIgniter\View\View->CodeIgniter\View\{closure}()
 4 SYSTEMPATH\Common.php(1188): CodeIgniter\View\View->render('tables', [], true)
 5 APPPATH\Controllers\Home.php(39): view('tables')
 6 SYSTEMPATH\CodeIgniter.php(919): App\Controllers\Home->tables()
 7 SYSTEMPATH\CodeIgniter.php(494): CodeIgniter\CodeIgniter->runController(Object(App\Controllers\Home))
 8 SYSTEMPATH\CodeIgniter.php(353): CodeIgniter\CodeIgniter->handleRequest(null, Object(Config\Cache), false)
 9 FCPATH\index.php(79): CodeIgniter\CodeIgniter->run()
10 SYSTEMPATH\Commands\Server\rewrite.php(47): require_once('C:\\laragon\\www\\lab3\\ci4\\public\\index.php')
CRITICAL - 2023-09-28 14:15:54 --> Undefined variable $products
in APPPATH\Views\tables.php on line 222.
 1 APPPATH\Views\tables.php(222): CodeIgniter\Debug\Exceptions->errorHandler(2, 'Undefined variable $products', 'C:\\laragon\\www\\lab3\\ci4\\app\\Views\\tables.php', 222)
 2 SYSTEMPATH\View\View.php(226): include('C:\\laragon\\www\\lab3\\ci4\\app\\Views\\tables.php')
 3 SYSTEMPATH\View\View.php(229): CodeIgniter\View\View->CodeIgniter\View\{closure}()
 4 SYSTEMPATH\Common.php(1188): CodeIgniter\View\View->render('tables', [], true)
 5 APPPATH\Controllers\Home.php(39): view('tables')
 6 SYSTEMPATH\CodeIgniter.php(919): App\Controllers\Home->tables()
 7 SYSTEMPATH\CodeIgniter.php(494): CodeIgniter\CodeIgniter->runController(Object(App\Controllers\Home))
 8 SYSTEMPATH\CodeIgniter.php(353): CodeIgniter\CodeIgniter->handleRequest(null, Object(Config\Cache), false)
 9 FCPATH\index.php(79): CodeIgniter\CodeIgniter->run()
10 SYSTEMPATH\Commands\Server\rewrite.php(47): require_once('C:\\laragon\\www\\lab3\\ci4\\public\\index.php')
CRITICAL - 2023-09-28 14:15:57 --> Undefined variable $products
in APPPATH\Views\tables.php on line 222.
 1 APPPATH\Views\tables.php(222): CodeIgniter\Debug\Exceptions->errorHandler(2, 'Undefined variable $products', 'C:\\laragon\\www\\lab3\\ci4\\app\\Views\\tables.php', 222)
 2 SYSTEMPATH\View\View.php(226): include('C:\\laragon\\www\\lab3\\ci4\\app\\Views\\tables.php')
 3 SYSTEMPATH\View\View.php(229): CodeIgniter\View\View->CodeIgniter\View\{closure}()
 4 SYSTEMPATH\Common.php(1188): CodeIgniter\View\View->render('tables', [], true)
 5 APPPATH\Controllers\Home.php(39): view('tables')
 6 SYSTEMPATH\CodeIgniter.php(919): App\Controllers\Home->tables()
 7 SYSTEMPATH\CodeIgniter.php(494): CodeIgniter\CodeIgniter->runController(Object(App\Controllers\Home))
 8 SYSTEMPATH\CodeIgniter.php(353): CodeIgniter\CodeIgniter->handleRequest(null, Object(Config\Cache), false)
 9 FCPATH\index.php(79): CodeIgniter\CodeIgniter->run()
10 SYSTEMPATH\Commands\Server\rewrite.php(47): require_once('C:\\laragon\\www\\lab3\\ci4\\public\\index.php')
CRITICAL - 2023-09-28 14:16:36 --> Undefined variable $products
in APPPATH\Views\tables.php on line 222.
 1 APPPATH\Views\tables.php(222): CodeIgniter\Debug\Exceptions->errorHandler(2, 'Undefined variable $products', 'C:\\laragon\\www\\lab3\\ci4\\app\\Views\\tables.php', 222)
 2 SYSTEMPATH\View\View.php(226): include('C:\\laragon\\www\\lab3\\ci4\\app\\Views\\tables.php')
 3 SYSTEMPATH\View\View.php(229): CodeIgniter\View\View->CodeIgniter\View\{closure}()
 4 SYSTEMPATH\Common.php(1188): CodeIgniter\View\View->render('tables', [], true)
 5 APPPATH\Controllers\Home.php(39): view('tables')
 6 SYSTEMPATH\CodeIgniter.php(919): App\Controllers\Home->tables()
 7 SYSTEMPATH\CodeIgniter.php(494): CodeIgniter\CodeIgniter->runController(Object(App\Controllers\Home))
 8 SYSTEMPATH\CodeIgniter.php(353): CodeIgniter\CodeIgniter->handleRequest(null, Object(Config\Cache), false)
 9 FCPATH\index.php(79): CodeIgniter\CodeIgniter->run()
10 SYSTEMPATH\Commands\Server\rewrite.php(47): require_once('C:\\laragon\\www\\lab3\\ci4\\public\\index.php')
CRITICAL - 2023-09-28 14:16:36 --> Undefined variable $products
in APPPATH\Views\tables.php on line 222.
 1 APPPATH\Views\tables.php(222): CodeIgniter\Debug\Exceptions->errorHandler(2, 'Undefined variable $products', 'C:\\laragon\\www\\lab3\\ci4\\app\\Views\\tables.php', 222)
 2 SYSTEMPATH\View\View.php(226): include('C:\\laragon\\www\\lab3\\ci4\\app\\Views\\tables.php')
 3 SYSTEMPATH\View\View.php(229): CodeIgniter\View\View->CodeIgniter\View\{closure}()
 4 SYSTEMPATH\Common.php(1188): CodeIgniter\View\View->render('tables', [], true)
 5 APPPATH\Controllers\Home.php(39): view('tables')
 6 SYSTEMPATH\CodeIgniter.php(919): App\Controllers\Home->tables()
 7 SYSTEMPATH\CodeIgniter.php(494): CodeIgniter\CodeIgniter->runController(Object(App\Controllers\Home))
 8 SYSTEMPATH\CodeIgniter.php(353): CodeIgniter\CodeIgniter->handleRequest(null, Object(Config\Cache), false)
 9 FCPATH\index.php(79): CodeIgniter\CodeIgniter->run()
10 SYSTEMPATH\Commands\Server\rewrite.php(47): require_once('C:\\laragon\\www\\lab3\\ci4\\public\\index.php')
CRITICAL - 2023-09-28 14:16:36 --> Undefined variable $products
in APPPATH\Views\tables.php on line 222.
 1 APPPATH\Views\tables.php(222): CodeIgniter\Debug\Exceptions->errorHandler(2, 'Undefined variable $products', 'C:\\laragon\\www\\lab3\\ci4\\app\\Views\\tables.php', 222)
 2 SYSTEMPATH\View\View.php(226): include('C:\\laragon\\www\\lab3\\ci4\\app\\Views\\tables.php')
 3 SYSTEMPATH\View\View.php(229): CodeIgniter\View\View->CodeIgniter\View\{closure}()
 4 SYSTEMPATH\Common.php(1188): CodeIgniter\View\View->render('tables', [], true)
 5 APPPATH\Controllers\Home.php(39): view('tables')
 6 SYSTEMPATH\CodeIgniter.php(919): App\Controllers\Home->tables()
 7 SYSTEMPATH\CodeIgniter.php(494): CodeIgniter\CodeIgniter->runController(Object(App\Controllers\Home))
 8 SYSTEMPATH\CodeIgniter.php(353): CodeIgniter\CodeIgniter->handleRequest(null, Object(Config\Cache), false)
 9 FCPATH\index.php(79): CodeIgniter\CodeIgniter->run()
10 SYSTEMPATH\Commands\Server\rewrite.php(47): require_once('C:\\laragon\\www\\lab3\\ci4\\public\\index.php')
CRITICAL - 2023-09-28 14:16:37 --> Undefined variable $products
in APPPATH\Views\tables.php on line 222.
 1 APPPATH\Views\tables.php(222): CodeIgniter\Debug\Exceptions->errorHandler(2, 'Undefined variable $products', 'C:\\laragon\\www\\lab3\\ci4\\app\\Views\\tables.php', 222)
 2 SYSTEMPATH\View\View.php(226): include('C:\\laragon\\www\\lab3\\ci4\\app\\Views\\tables.php')
 3 SYSTEMPATH\View\View.php(229): CodeIgniter\View\View->CodeIgniter\View\{closure}()
 4 SYSTEMPATH\Common.php(1188): CodeIgniter\View\View->render('tables', [], true)
 5 APPPATH\Controllers\Home.php(39): view('tables')
 6 SYSTEMPATH\CodeIgniter.php(919): App\Controllers\Home->tables()
 7 SYSTEMPATH\CodeIgniter.php(494): CodeIgniter\CodeIgniter->runController(Object(App\Controllers\Home))
 8 SYSTEMPATH\CodeIgniter.php(353): CodeIgniter\CodeIgniter->handleRequest(null, Object(Config\Cache), false)
 9 FCPATH\index.php(79): CodeIgniter\CodeIgniter->run()
10 SYSTEMPATH\Commands\Server\rewrite.php(47): require_once('C:\\laragon\\www\\lab3\\ci4\\public\\index.php')
CRITICAL - 2023-09-28 14:16:41 --> Undefined variable $products
in APPPATH\Views\tables.php on line 222.
 1 APPPATH\Views\tables.php(222): CodeIgniter\Debug\Exceptions->errorHandler(2, 'Undefined variable $products', 'C:\\laragon\\www\\lab3\\ci4\\app\\Views\\tables.php', 222)
 2 SYSTEMPATH\View\View.php(226): include('C:\\laragon\\www\\lab3\\ci4\\app\\Views\\tables.php')
 3 SYSTEMPATH\View\View.php(229): CodeIgniter\View\View->CodeIgniter\View\{closure}()
 4 SYSTEMPATH\Common.php(1188): CodeIgniter\View\View->render('tables', [], true)
 5 APPPATH\Controllers\Home.php(39): view('tables')
 6 SYSTEMPATH\CodeIgniter.php(919): App\Controllers\Home->tables()
 7 SYSTEMPATH\CodeIgniter.php(494): CodeIgniter\CodeIgniter->runController(Object(App\Controllers\Home))
 8 SYSTEMPATH\CodeIgniter.php(353): CodeIgniter\CodeIgniter->handleRequest(null, Object(Config\Cache), false)
 9 FCPATH\index.php(79): CodeIgniter\CodeIgniter->run()
10 SYSTEMPATH\Commands\Server\rewrite.php(47): require_once('C:\\laragon\\www\\lab3\\ci4\\public\\index.php')
CRITICAL - 2023-09-28 14:20:57 --> Undefined variable $products
in APPPATH\Views\tables.php on line 222.
 1 APPPATH\Views\tables.php(222): CodeIgniter\Debug\Exceptions->errorHandler(2, 'Undefined variable $products', 'C:\\laragon\\www\\lab3\\ci4\\app\\Views\\tables.php', 222)
 2 SYSTEMPATH\View\View.php(226): include('C:\\laragon\\www\\lab3\\ci4\\app\\Views\\tables.php')
 3 SYSTEMPATH\View\View.php(229): CodeIgniter\View\View->CodeIgniter\View\{closure}()
 4 SYSTEMPATH\Common.php(1188): CodeIgniter\View\View->render('tables', [], true)
 5 APPPATH\Controllers\Home.php(39): view('tables')
 6 SYSTEMPATH\CodeIgniter.php(919): App\Controllers\Home->tables()
 7 SYSTEMPATH\CodeIgniter.php(494): CodeIgniter\CodeIgniter->runController(Object(App\Controllers\Home))
 8 SYSTEMPATH\CodeIgniter.php(353): CodeIgniter\CodeIgniter->handleRequest(null, Object(Config\Cache), false)
 9 FCPATH\index.php(79): CodeIgniter\CodeIgniter->run()
10 SYSTEMPATH\Commands\Server\rewrite.php(47): require_once('C:\\laragon\\www\\lab3\\ci4\\public\\index.php')
CRITICAL - 2023-09-28 14:22:29 --> Undefined variable $product
in APPPATH\Views\tables.php on line 222.
 1 APPPATH\Views\tables.php(222): CodeIgniter\Debug\Exceptions->errorHandler(2, 'Undefined variable $product', 'C:\\laragon\\www\\lab3\\ci4\\app\\Views\\tables.php', 222)
 2 SYSTEMPATH\View\View.php(226): include('C:\\laragon\\www\\lab3\\ci4\\app\\Views\\tables.php')
 3 SYSTEMPATH\View\View.php(229): CodeIgniter\View\View->CodeIgniter\View\{closure}()
 4 SYSTEMPATH\Common.php(1188): CodeIgniter\View\View->render('tables', [], true)
 5 APPPATH\Controllers\Home.php(39): view('tables')
 6 SYSTEMPATH\CodeIgniter.php(919): App\Controllers\Home->tables()
 7 SYSTEMPATH\CodeIgniter.php(494): CodeIgniter\CodeIgniter->runController(Object(App\Controllers\Home))
 8 SYSTEMPATH\CodeIgniter.php(353): CodeIgniter\CodeIgniter->handleRequest(null, Object(Config\Cache), false)
 9 FCPATH\index.php(79): CodeIgniter\CodeIgniter->run()
10 SYSTEMPATH\Commands\Server\rewrite.php(47): require_once('C:\\laragon\\www\\lab3\\ci4\\public\\index.php')
CRITICAL - 2023-09-28 14:24:32 --> Undefined variable $product
in APPPATH\Views\tables.php on line 222.
 1 APPPATH\Views\tables.php(222): CodeIgniter\Debug\Exceptions->errorHandler(2, 'Undefined variable $product', 'C:\\laragon\\www\\lab3\\ci4\\app\\Views\\tables.php', 222)
 2 SYSTEMPATH\View\View.php(226): include('C:\\laragon\\www\\lab3\\ci4\\app\\Views\\tables.php')
 3 SYSTEMPATH\View\View.php(229): CodeIgniter\View\View->CodeIgniter\View\{closure}()
 4 SYSTEMPATH\Common.php(1188): CodeIgniter\View\View->render('tables', [], true)
 5 APPPATH\Controllers\Home.php(39): view('tables')
 6 SYSTEMPATH\CodeIgniter.php(919): App\Controllers\Home->tables()
 7 SYSTEMPATH\CodeIgniter.php(494): CodeIgniter\CodeIgniter->runController(Object(App\Controllers\Home))
 8 SYSTEMPATH\CodeIgniter.php(353): CodeIgniter\CodeIgniter->handleRequest(null, Object(Config\Cache), false)
 9 FCPATH\index.php(79): CodeIgniter\CodeIgniter->run()
10 SYSTEMPATH\Commands\Server\rewrite.php(47): require_once('C:\\laragon\\www\\lab3\\ci4\\public\\index.php')
CRITICAL - 2023-09-28 14:25:40 --> Undefined variable $product
in APPPATH\Views\tables.php on line 222.
 1 APPPATH\Views\tables.php(222): CodeIgniter\Debug\Exceptions->errorHandler(2, 'Undefined variable $product', 'C:\\laragon\\www\\lab3\\ci4\\app\\Views\\tables.php', 222)
 2 SYSTEMPATH\View\View.php(226): include('C:\\laragon\\www\\lab3\\ci4\\app\\Views\\tables.php')
 3 SYSTEMPATH\View\View.php(229): CodeIgniter\View\View->CodeIgniter\View\{closure}()
 4 SYSTEMPATH\Common.php(1188): CodeIgniter\View\View->render('tables', [], true)
 5 APPPATH\Controllers\Home.php(39): view('tables')
 6 SYSTEMPATH\CodeIgniter.php(919): App\Controllers\Home->tables()
 7 SYSTEMPATH\CodeIgniter.php(494): CodeIgniter\CodeIgniter->runController(Object(App\Controllers\Home))
 8 SYSTEMPATH\CodeIgniter.php(353): CodeIgniter\CodeIgniter->handleRequest(null, Object(Config\Cache), false)
 9 FCPATH\index.php(79): CodeIgniter\CodeIgniter->run()
10 SYSTEMPATH\Commands\Server\rewrite.php(47): require_once('C:\\laragon\\www\\lab3\\ci4\\public\\index.php')
CRITICAL - 2023-09-28 14:26:42 --> Undefined variable $product
in APPPATH\Views\tables.php on line 222.
 1 APPPATH\Views\tables.php(222): CodeIgniter\Debug\Exceptions->errorHandler(2, 'Undefined variable $product', 'C:\\laragon\\www\\lab3\\ci4\\app\\Views\\tables.php', 222)
 2 SYSTEMPATH\View\View.php(226): include('C:\\laragon\\www\\lab3\\ci4\\app\\Views\\tables.php')
 3 SYSTEMPATH\View\View.php(229): CodeIgniter\View\View->CodeIgniter\View\{closure}()
 4 SYSTEMPATH\Common.php(1188): CodeIgniter\View\View->render('tables', [], true)
 5 APPPATH\Controllers\Home.php(39): view('tables')
 6 SYSTEMPATH\CodeIgniter.php(919): App\Controllers\Home->tables()
 7 SYSTEMPATH\CodeIgniter.php(494): CodeIgniter\CodeIgniter->runController(Object(App\Controllers\Home))
 8 SYSTEMPATH\CodeIgniter.php(353): CodeIgniter\CodeIgniter->handleRequest(null, Object(Config\Cache), false)
 9 FCPATH\index.php(79): CodeIgniter\CodeIgniter->run()
10 SYSTEMPATH\Commands\Server\rewrite.php(47): require_once('C:\\laragon\\www\\lab3\\ci4\\public\\index.php')
CRITICAL - 2023-09-28 14:26:52 --> Undefined variable $products
in APPPATH\Views\tables.php on line 222.
 1 APPPATH\Views\tables.php(222): CodeIgniter\Debug\Exceptions->errorHandler(2, 'Undefined variable $products', 'C:\\laragon\\www\\lab3\\ci4\\app\\Views\\tables.php', 222)
 2 SYSTEMPATH\View\View.php(226): include('C:\\laragon\\www\\lab3\\ci4\\app\\Views\\tables.php')
 3 SYSTEMPATH\View\View.php(229): CodeIgniter\View\View->CodeIgniter\View\{closure}()
 4 SYSTEMPATH\Common.php(1188): CodeIgniter\View\View->render('tables', [], true)
 5 APPPATH\Controllers\Home.php(39): view('tables')
 6 SYSTEMPATH\CodeIgniter.php(919): App\Controllers\Home->tables()
 7 SYSTEMPATH\CodeIgniter.php(494): CodeIgniter\CodeIgniter->runController(Object(App\Controllers\Home))
 8 SYSTEMPATH\CodeIgniter.php(353): CodeIgniter\CodeIgniter->handleRequest(null, Object(Config\Cache), false)
 9 FCPATH\index.php(79): CodeIgniter\CodeIgniter->run()
10 SYSTEMPATH\Commands\Server\rewrite.php(47): require_once('C:\\laragon\\www\\lab3\\ci4\\public\\index.php')
CRITICAL - 2023-09-28 14:26:53 --> Undefined variable $products
in APPPATH\Views\tables.php on line 222.
 1 APPPATH\Views\tables.php(222): CodeIgniter\Debug\Exceptions->errorHandler(2, 'Undefined variable $products', 'C:\\laragon\\www\\lab3\\ci4\\app\\Views\\tables.php', 222)
 2 SYSTEMPATH\View\View.php(226): include('C:\\laragon\\www\\lab3\\ci4\\app\\Views\\tables.php')
 3 SYSTEMPATH\View\View.php(229): CodeIgniter\View\View->CodeIgniter\View\{closure}()
 4 SYSTEMPATH\Common.php(1188): CodeIgniter\View\View->render('tables', [], true)
 5 APPPATH\Controllers\Home.php(39): view('tables')
 6 SYSTEMPATH\CodeIgniter.php(919): App\Controllers\Home->tables()
 7 SYSTEMPATH\CodeIgniter.php(494): CodeIgniter\CodeIgniter->runController(Object(App\Controllers\Home))
 8 SYSTEMPATH\CodeIgniter.php(353): CodeIgniter\CodeIgniter->handleRequest(null, Object(Config\Cache), false)
 9 FCPATH\index.php(79): CodeIgniter\CodeIgniter->run()
10 SYSTEMPATH\Commands\Server\rewrite.php(47): require_once('C:\\laragon\\www\\lab3\\ci4\\public\\index.php')
CRITICAL - 2023-09-28 14:29:42 --> Undefined variable $products
in APPPATH\Views\tables.php on line 222.
 1 APPPATH\Views\tables.php(222): CodeIgniter\Debug\Exceptions->errorHandler(2, 'Undefined variable $products', 'C:\\laragon\\www\\lab3\\ci4\\app\\Views\\tables.php', 222)
 2 SYSTEMPATH\View\View.php(226): include('C:\\laragon\\www\\lab3\\ci4\\app\\Views\\tables.php')
 3 SYSTEMPATH\View\View.php(229): CodeIgniter\View\View->CodeIgniter\View\{closure}()
 4 SYSTEMPATH\Common.php(1188): CodeIgniter\View\View->render('tables', [], true)
 5 APPPATH\Controllers\Home.php(39): view('tables')
 6 SYSTEMPATH\CodeIgniter.php(919): App\Controllers\Home->tables()
 7 SYSTEMPATH\CodeIgniter.php(494): CodeIgniter\CodeIgniter->runController(Object(App\Controllers\Home))
 8 SYSTEMPATH\CodeIgniter.php(353): CodeIgniter\CodeIgniter->handleRequest(null, Object(Config\Cache), false)
 9 FCPATH\index.php(79): CodeIgniter\CodeIgniter->run()
10 SYSTEMPATH\Commands\Server\rewrite.php(47): require_once('C:\\laragon\\www\\lab3\\ci4\\public\\index.php')
CRITICAL - 2023-09-28 14:29:51 --> Undefined variable $products
in APPPATH\Views\tables.php on line 222.
 1 APPPATH\Views\tables.php(222): CodeIgniter\Debug\Exceptions->errorHandler(2, 'Undefined variable $products', 'C:\\laragon\\www\\lab3\\ci4\\app\\Views\\tables.php', 222)
 2 SYSTEMPATH\View\View.php(226): include('C:\\laragon\\www\\lab3\\ci4\\app\\Views\\tables.php')
 3 SYSTEMPATH\View\View.php(229): CodeIgniter\View\View->CodeIgniter\View\{closure}()
 4 SYSTEMPATH\Common.php(1188): CodeIgniter\View\View->render('tables', [], true)
 5 APPPATH\Controllers\Home.php(39): view('tables')
 6 SYSTEMPATH\CodeIgniter.php(919): App\Controllers\Home->tables()
 7 SYSTEMPATH\CodeIgniter.php(494): CodeIgniter\CodeIgniter->runController(Object(App\Controllers\Home))
 8 SYSTEMPATH\CodeIgniter.php(353): CodeIgniter\CodeIgniter->handleRequest(null, Object(Config\Cache), false)
 9 FCPATH\index.php(79): CodeIgniter\CodeIgniter->run()
10 SYSTEMPATH\Commands\Server\rewrite.php(47): require_once('C:\\laragon\\www\\lab3\\ci4\\public\\index.php')
CRITICAL - 2023-09-28 14:33:39 --> Undefined variable $products
in APPPATH\Views\tables.php on line 222.
 1 APPPATH\Views\tables.php(222): CodeIgniter\Debug\Exceptions->errorHandler(2, 'Undefined variable $products', 'C:\\laragon\\www\\lab3\\ci4\\app\\Views\\tables.php', 222)
 2 SYSTEMPATH\View\View.php(226): include('C:\\laragon\\www\\lab3\\ci4\\app\\Views\\tables.php')
 3 SYSTEMPATH\View\View.php(229): CodeIgniter\View\View->CodeIgniter\View\{closure}()
 4 SYSTEMPATH\Common.php(1188): CodeIgniter\View\View->render('tables', [], true)
 5 APPPATH\Controllers\Home.php(39): view('tables')
 6 SYSTEMPATH\CodeIgniter.php(919): App\Controllers\Home->tables()
 7 SYSTEMPATH\CodeIgniter.php(494): CodeIgniter\CodeIgniter->runController(Object(App\Controllers\Home))
 8 SYSTEMPATH\CodeIgniter.php(353): CodeIgniter\CodeIgniter->handleRequest(null, Object(Config\Cache), false)
 9 FCPATH\index.php(79): CodeIgniter\CodeIgniter->run()
10 SYSTEMPATH\Commands\Server\rewrite.php(47): require_once('C:\\laragon\\www\\lab3\\ci4\\public\\index.php')
CRITICAL - 2023-09-28 14:33:40 --> Undefined variable $products
in APPPATH\Views\tables.php on line 222.
 1 APPPATH\Views\tables.php(222): CodeIgniter\Debug\Exceptions->errorHandler(2, 'Undefined variable $products', 'C:\\laragon\\www\\lab3\\ci4\\app\\Views\\tables.php', 222)
 2 SYSTEMPATH\View\View.php(226): include('C:\\laragon\\www\\lab3\\ci4\\app\\Views\\tables.php')
 3 SYSTEMPATH\View\View.php(229): CodeIgniter\View\View->CodeIgniter\View\{closure}()
 4 SYSTEMPATH\Common.php(1188): CodeIgniter\View\View->render('tables', [], true)
 5 APPPATH\Controllers\Home.php(39): view('tables')
 6 SYSTEMPATH\CodeIgniter.php(919): App\Controllers\Home->tables()
 7 SYSTEMPATH\CodeIgniter.php(494): CodeIgniter\CodeIgniter->runController(Object(App\Controllers\Home))
 8 SYSTEMPATH\CodeIgniter.php(353): CodeIgniter\CodeIgniter->handleRequest(null, Object(Config\Cache), false)
 9 FCPATH\index.php(79): CodeIgniter\CodeIgniter->run()
10 SYSTEMPATH\Commands\Server\rewrite.php(47): require_once('C:\\laragon\\www\\lab3\\ci4\\public\\index.php')
CRITICAL - 2023-09-28 14:33:40 --> Undefined variable $products
in APPPATH\Views\tables.php on line 222.
 1 APPPATH\Views\tables.php(222): CodeIgniter\Debug\Exceptions->errorHandler(2, 'Undefined variable $products', 'C:\\laragon\\www\\lab3\\ci4\\app\\Views\\tables.php', 222)
 2 SYSTEMPATH\View\View.php(226): include('C:\\laragon\\www\\lab3\\ci4\\app\\Views\\tables.php')
 3 SYSTEMPATH\View\View.php(229): CodeIgniter\View\View->CodeIgniter\View\{closure}()
 4 SYSTEMPATH\Common.php(1188): CodeIgniter\View\View->render('tables', [], true)
 5 APPPATH\Controllers\Home.php(39): view('tables')
 6 SYSTEMPATH\CodeIgniter.php(919): App\Controllers\Home->tables()
 7 SYSTEMPATH\CodeIgniter.php(494): CodeIgniter\CodeIgniter->runController(Object(App\Controllers\Home))
 8 SYSTEMPATH\CodeIgniter.php(353): CodeIgniter\CodeIgniter->handleRequest(null, Object(Config\Cache), false)
 9 FCPATH\index.php(79): CodeIgniter\CodeIgniter->run()
10 SYSTEMPATH\Commands\Server\rewrite.php(47): require_once('C:\\laragon\\www\\lab3\\ci4\\public\\index.php')
CRITICAL - 2023-09-28 14:33:41 --> Undefined variable $products
in APPPATH\Views\tables.php on line 222.
 1 APPPATH\Views\tables.php(222): CodeIgniter\Debug\Exceptions->errorHandler(2, 'Undefined variable $products', 'C:\\laragon\\www\\lab3\\ci4\\app\\Views\\tables.php', 222)
 2 SYSTEMPATH\View\View.php(226): include('C:\\laragon\\www\\lab3\\ci4\\app\\Views\\tables.php')
 3 SYSTEMPATH\View\View.php(229): CodeIgniter\View\View->CodeIgniter\View\{closure}()
 4 SYSTEMPATH\Common.php(1188): CodeIgniter\View\View->render('tables', [], true)
 5 APPPATH\Controllers\Home.php(39): view('tables')
 6 SYSTEMPATH\CodeIgniter.php(919): App\Controllers\Home->tables()
 7 SYSTEMPATH\CodeIgniter.php(494): CodeIgniter\CodeIgniter->runController(Object(App\Controllers\Home))
 8 SYSTEMPATH\CodeIgniter.php(353): CodeIgniter\CodeIgniter->handleRequest(null, Object(Config\Cache), false)
 9 FCPATH\index.php(79): CodeIgniter\CodeIgniter->run()
10 SYSTEMPATH\Commands\Server\rewrite.php(47): require_once('C:\\laragon\\www\\lab3\\ci4\\public\\index.php')
CRITICAL - 2023-09-28 14:33:46 --> Undefined variable $products
in APPPATH\Views\tables.php on line 222.
 1 APPPATH\Views\tables.php(222): CodeIgniter\Debug\Exceptions->errorHandler(2, 'Undefined variable $products', 'C:\\laragon\\www\\lab3\\ci4\\app\\Views\\tables.php', 222)
 2 SYSTEMPATH\View\View.php(226): include('C:\\laragon\\www\\lab3\\ci4\\app\\Views\\tables.php')
 3 SYSTEMPATH\View\View.php(229): CodeIgniter\View\View->CodeIgniter\View\{closure}()
 4 SYSTEMPATH\Common.php(1188): CodeIgniter\View\View->render('tables', [], true)
 5 APPPATH\Controllers\Home.php(39): view('tables')
 6 SYSTEMPATH\CodeIgniter.php(919): App\Controllers\Home->tables()
 7 SYSTEMPATH\CodeIgniter.php(494): CodeIgniter\CodeIgniter->runController(Object(App\Controllers\Home))
 8 SYSTEMPATH\CodeIgniter.php(353): CodeIgniter\CodeIgniter->handleRequest(null, Object(Config\Cache), false)
 9 FCPATH\index.php(79): CodeIgniter\CodeIgniter->run()
10 SYSTEMPATH\Commands\Server\rewrite.php(47): require_once('C:\\laragon\\www\\lab3\\ci4\\public\\index.php')
CRITICAL - 2023-09-28 14:35:25 --> Undefined variable $products
in APPPATH\Views\tables.php on line 222.
 1 APPPATH\Views\tables.php(222): CodeIgniter\Debug\Exceptions->errorHandler(2, 'Undefined variable $products', 'C:\\laragon\\www\\lab3\\ci4\\app\\Views\\tables.php', 222)
 2 SYSTEMPATH\View\View.php(226): include('C:\\laragon\\www\\lab3\\ci4\\app\\Views\\tables.php')
 3 SYSTEMPATH\View\View.php(229): CodeIgniter\View\View->CodeIgniter\View\{closure}()
 4 SYSTEMPATH\Common.php(1188): CodeIgniter\View\View->render('tables', [], true)
 5 APPPATH\Controllers\Home.php(39): view('tables')
 6 SYSTEMPATH\CodeIgniter.php(919): App\Controllers\Home->tables()
 7 SYSTEMPATH\CodeIgniter.php(494): CodeIgniter\CodeIgniter->runController(Object(App\Controllers\Home))
 8 SYSTEMPATH\CodeIgniter.php(353): CodeIgniter\CodeIgniter->handleRequest(null, Object(Config\Cache), false)
 9 FCPATH\index.php(79): CodeIgniter\CodeIgniter->run()
10 SYSTEMPATH\Commands\Server\rewrite.php(47): require_once('C:\\laragon\\www\\lab3\\ci4\\public\\index.php')
CRITICAL - 2023-09-28 14:35:32 --> Undefined variable $products
in APPPATH\Views\tables.php on line 222.
 1 APPPATH\Views\tables.php(222): CodeIgniter\Debug\Exceptions->errorHandler(2, 'Undefined variable $products', 'C:\\laragon\\www\\lab3\\ci4\\app\\Views\\tables.php', 222)
 2 SYSTEMPATH\View\View.php(226): include('C:\\laragon\\www\\lab3\\ci4\\app\\Views\\tables.php')
 3 SYSTEMPATH\View\View.php(229): CodeIgniter\View\View->CodeIgniter\View\{closure}()
 4 SYSTEMPATH\Common.php(1188): CodeIgniter\View\View->render('tables', [], true)
 5 APPPATH\Controllers\Home.php(39): view('tables')
 6 SYSTEMPATH\CodeIgniter.php(919): App\Controllers\Home->tables()
 7 SYSTEMPATH\CodeIgniter.php(494): CodeIgniter\CodeIgniter->runController(Object(App\Controllers\Home))
 8 SYSTEMPATH\CodeIgniter.php(353): CodeIgniter\CodeIgniter->handleRequest(null, Object(Config\Cache), false)
 9 FCPATH\index.php(79): CodeIgniter\CodeIgniter->run()
10 SYSTEMPATH\Commands\Server\rewrite.php(47): require_once('C:\\laragon\\www\\lab3\\ci4\\public\\index.php')
CRITICAL - 2023-09-28 14:35:35 --> Undefined variable $products
in APPPATH\Views\tables.php on line 222.
 1 APPPATH\Views\tables.php(222): CodeIgniter\Debug\Exceptions->errorHandler(2, 'Undefined variable $products', 'C:\\laragon\\www\\lab3\\ci4\\app\\Views\\tables.php', 222)
 2 SYSTEMPATH\View\View.php(226): include('C:\\laragon\\www\\lab3\\ci4\\app\\Views\\tables.php')
 3 SYSTEMPATH\View\View.php(229): CodeIgniter\View\View->CodeIgniter\View\{closure}()
 4 SYSTEMPATH\Common.php(1188): CodeIgniter\View\View->render('tables', [], true)
 5 APPPATH\Controllers\Home.php(39): view('tables')
 6 SYSTEMPATH\CodeIgniter.php(919): App\Controllers\Home->tables()
 7 SYSTEMPATH\CodeIgniter.php(494): CodeIgniter\CodeIgniter->runController(Object(App\Controllers\Home))
 8 SYSTEMPATH\CodeIgniter.php(353): CodeIgniter\CodeIgniter->handleRequest(null, Object(Config\Cache), false)
 9 FCPATH\index.php(79): CodeIgniter\CodeIgniter->run()
10 SYSTEMPATH\Commands\Server\rewrite.php(47): require_once('C:\\laragon\\www\\lab3\\ci4\\public\\index.php')
CRITICAL - 2023-09-28 14:36:18 --> Undefined variable $products
in APPPATH\Views\tables.php on line 222.
 1 APPPATH\Views\tables.php(222): CodeIgniter\Debug\Exceptions->errorHandler(2, 'Undefined variable $products', 'C:\\laragon\\www\\lab3\\ci4\\app\\Views\\tables.php', 222)
 2 SYSTEMPATH\View\View.php(226): include('C:\\laragon\\www\\lab3\\ci4\\app\\Views\\tables.php')
 3 SYSTEMPATH\View\View.php(229): CodeIgniter\View\View->CodeIgniter\View\{closure}()
 4 SYSTEMPATH\Common.php(1188): CodeIgniter\View\View->render('tables', [], true)
 5 APPPATH\Controllers\Home.php(39): view('tables')
 6 SYSTEMPATH\CodeIgniter.php(919): App\Controllers\Home->tables()
 7 SYSTEMPATH\CodeIgniter.php(494): CodeIgniter\CodeIgniter->runController(Object(App\Controllers\Home))
 8 SYSTEMPATH\CodeIgniter.php(353): CodeIgniter\CodeIgniter->handleRequest(null, Object(Config\Cache), false)
 9 FCPATH\index.php(79): CodeIgniter\CodeIgniter->run()
10 SYSTEMPATH\Commands\Server\rewrite.php(47): require_once('C:\\laragon\\www\\lab3\\ci4\\public\\index.php')
CRITICAL - 2023-09-28 14:36:18 --> Undefined variable $products
in APPPATH\Views\tables.php on line 222.
 1 APPPATH\Views\tables.php(222): CodeIgniter\Debug\Exceptions->errorHandler(2, 'Undefined variable $products', 'C:\\laragon\\www\\lab3\\ci4\\app\\Views\\tables.php', 222)
 2 SYSTEMPATH\View\View.php(226): include('C:\\laragon\\www\\lab3\\ci4\\app\\Views\\tables.php')
 3 SYSTEMPATH\View\View.php(229): CodeIgniter\View\View->CodeIgniter\View\{closure}()
 4 SYSTEMPATH\Common.php(1188): CodeIgniter\View\View->render('tables', [], true)
 5 APPPATH\Controllers\Home.php(39): view('tables')
 6 SYSTEMPATH\CodeIgniter.php(919): App\Controllers\Home->tables()
 7 SYSTEMPATH\CodeIgniter.php(494): CodeIgniter\CodeIgniter->runController(Object(App\Controllers\Home))
 8 SYSTEMPATH\CodeIgniter.php(353): CodeIgniter\CodeIgniter->handleRequest(null, Object(Config\Cache), false)
 9 FCPATH\index.php(79): CodeIgniter\CodeIgniter->run()
10 SYSTEMPATH\Commands\Server\rewrite.php(47): require_once('C:\\laragon\\www\\lab3\\ci4\\public\\index.php')
CRITICAL - 2023-09-28 14:36:18 --> Undefined variable $products
in APPPATH\Views\tables.php on line 222.
 1 APPPATH\Views\tables.php(222): CodeIgniter\Debug\Exceptions->errorHandler(2, 'Undefined variable $products', 'C:\\laragon\\www\\lab3\\ci4\\app\\Views\\tables.php', 222)
 2 SYSTEMPATH\View\View.php(226): include('C:\\laragon\\www\\lab3\\ci4\\app\\Views\\tables.php')
 3 SYSTEMPATH\View\View.php(229): CodeIgniter\View\View->CodeIgniter\View\{closure}()
 4 SYSTEMPATH\Common.php(1188): CodeIgniter\View\View->render('tables', [], true)
 5 APPPATH\Controllers\Home.php(39): view('tables')
 6 SYSTEMPATH\CodeIgniter.php(919): App\Controllers\Home->tables()
 7 SYSTEMPATH\CodeIgniter.php(494): CodeIgniter\CodeIgniter->runController(Object(App\Controllers\Home))
 8 SYSTEMPATH\CodeIgniter.php(353): CodeIgniter\CodeIgniter->handleRequest(null, Object(Config\Cache), false)
 9 FCPATH\index.php(79): CodeIgniter\CodeIgniter->run()
10 SYSTEMPATH\Commands\Server\rewrite.php(47): require_once('C:\\laragon\\www\\lab3\\ci4\\public\\index.php')
CRITICAL - 2023-09-28 14:36:19 --> Undefined variable $products
in APPPATH\Views\tables.php on line 222.
 1 APPPATH\Views\tables.php(222): CodeIgniter\Debug\Exceptions->errorHandler(2, 'Undefined variable $products', 'C:\\laragon\\www\\lab3\\ci4\\app\\Views\\tables.php', 222)
 2 SYSTEMPATH\View\View.php(226): include('C:\\laragon\\www\\lab3\\ci4\\app\\Views\\tables.php')
 3 SYSTEMPATH\View\View.php(229): CodeIgniter\View\View->CodeIgniter\View\{closure}()
 4 SYSTEMPATH\Common.php(1188): CodeIgniter\View\View->render('tables', [], true)
 5 APPPATH\Controllers\Home.php(39): view('tables')
 6 SYSTEMPATH\CodeIgniter.php(919): App\Controllers\Home->tables()
 7 SYSTEMPATH\CodeIgniter.php(494): CodeIgniter\CodeIgniter->runController(Object(App\Controllers\Home))
 8 SYSTEMPATH\CodeIgniter.php(353): CodeIgniter\CodeIgniter->handleRequest(null, Object(Config\Cache), false)
 9 FCPATH\index.php(79): CodeIgniter\CodeIgniter->run()
10 SYSTEMPATH\Commands\Server\rewrite.php(47): require_once('C:\\laragon\\www\\lab3\\ci4\\public\\index.php')
CRITICAL - 2023-09-28 14:36:24 --> Undefined variable $products
in APPPATH\Views\tables.php on line 222.
 1 APPPATH\Views\tables.php(222): CodeIgniter\Debug\Exceptions->errorHandler(2, 'Undefined variable $products', 'C:\\laragon\\www\\lab3\\ci4\\app\\Views\\tables.php', 222)
 2 SYSTEMPATH\View\View.php(226): include('C:\\laragon\\www\\lab3\\ci4\\app\\Views\\tables.php')
 3 SYSTEMPATH\View\View.php(229): CodeIgniter\View\View->CodeIgniter\View\{closure}()
 4 SYSTEMPATH\Common.php(1188): CodeIgniter\View\View->render('tables', [], true)
 5 APPPATH\Controllers\Home.php(39): view('tables')
 6 SYSTEMPATH\CodeIgniter.php(919): App\Controllers\Home->tables()
 7 SYSTEMPATH\CodeIgniter.php(494): CodeIgniter\CodeIgniter->runController(Object(App\Controllers\Home))
 8 SYSTEMPATH\CodeIgniter.php(353): CodeIgniter\CodeIgniter->handleRequest(null, Object(Config\Cache), false)
 9 FCPATH\index.php(79): CodeIgniter\CodeIgniter->run()
10 SYSTEMPATH\Commands\Server\rewrite.php(47): require_once('C:\\laragon\\www\\lab3\\ci4\\public\\index.php')
CRITICAL - 2023-09-28 14:37:04 --> Undefined variable $product
in APPPATH\Views\tables.php on line 222.
 1 APPPATH\Views\tables.php(222): CodeIgniter\Debug\Exceptions->errorHandler(2, 'Undefined variable $product', 'C:\\laragon\\www\\lab3\\ci4\\app\\Views\\tables.php', 222)
 2 SYSTEMPATH\View\View.php(226): include('C:\\laragon\\www\\lab3\\ci4\\app\\Views\\tables.php')
 3 SYSTEMPATH\View\View.php(229): CodeIgniter\View\View->CodeIgniter\View\{closure}()
 4 SYSTEMPATH\Common.php(1188): CodeIgniter\View\View->render('tables', [], true)
 5 APPPATH\Controllers\Home.php(39): view('tables')
 6 SYSTEMPATH\CodeIgniter.php(919): App\Controllers\Home->tables()
 7 SYSTEMPATH\CodeIgniter.php(494): CodeIgniter\CodeIgniter->runController(Object(App\Controllers\Home))
 8 SYSTEMPATH\CodeIgniter.php(353): CodeIgniter\CodeIgniter->handleRequest(null, Object(Config\Cache), false)
 9 FCPATH\index.php(79): CodeIgniter\CodeIgniter->run()
10 SYSTEMPATH\Commands\Server\rewrite.php(47): require_once('C:\\laragon\\www\\lab3\\ci4\\public\\index.php')
CRITICAL - 2023-09-28 14:37:05 --> Undefined variable $product
in APPPATH\Views\tables.php on line 222.
 1 APPPATH\Views\tables.php(222): CodeIgniter\Debug\Exceptions->errorHandler(2, 'Undefined variable $product', 'C:\\laragon\\www\\lab3\\ci4\\app\\Views\\tables.php', 222)
 2 SYSTEMPATH\View\View.php(226): include('C:\\laragon\\www\\lab3\\ci4\\app\\Views\\tables.php')
 3 SYSTEMPATH\View\View.php(229): CodeIgniter\View\View->CodeIgniter\View\{closure}()
 4 SYSTEMPATH\Common.php(1188): CodeIgniter\View\View->render('tables', [], true)
 5 APPPATH\Controllers\Home.php(39): view('tables')
 6 SYSTEMPATH\CodeIgniter.php(919): App\Controllers\Home->tables()
 7 SYSTEMPATH\CodeIgniter.php(494): CodeIgniter\CodeIgniter->runController(Object(App\Controllers\Home))
 8 SYSTEMPATH\CodeIgniter.php(353): CodeIgniter\CodeIgniter->handleRequest(null, Object(Config\Cache), false)
 9 FCPATH\index.php(79): CodeIgniter\CodeIgniter->run()
10 SYSTEMPATH\Commands\Server\rewrite.php(47): require_once('C:\\laragon\\www\\lab3\\ci4\\public\\index.php')
CRITICAL - 2023-09-28 14:37:11 --> Undefined variable $product
in APPPATH\Views\tables.php on line 222.
 1 APPPATH\Views\tables.php(222): CodeIgniter\Debug\Exceptions->errorHandler(2, 'Undefined variable $product', 'C:\\laragon\\www\\lab3\\ci4\\app\\Views\\tables.php', 222)
 2 SYSTEMPATH\View\View.php(226): include('C:\\laragon\\www\\lab3\\ci4\\app\\Views\\tables.php')
 3 SYSTEMPATH\View\View.php(229): CodeIgniter\View\View->CodeIgniter\View\{closure}()
 4 SYSTEMPATH\Common.php(1188): CodeIgniter\View\View->render('tables', [], true)
 5 APPPATH\Controllers\Home.php(39): view('tables')
 6 SYSTEMPATH\CodeIgniter.php(919): App\Controllers\Home->tables()
 7 SYSTEMPATH\CodeIgniter.php(494): CodeIgniter\CodeIgniter->runController(Object(App\Controllers\Home))
 8 SYSTEMPATH\CodeIgniter.php(353): CodeIgniter\CodeIgniter->handleRequest(null, Object(Config\Cache), false)
 9 FCPATH\index.php(79): CodeIgniter\CodeIgniter->run()
10 SYSTEMPATH\Commands\Server\rewrite.php(47): require_once('C:\\laragon\\www\\lab3\\ci4\\public\\index.php')
CRITICAL - 2023-09-28 14:38:57 --> Undefined variable $product
in APPPATH\Views\tables.php on line 222.
 1 APPPATH\Views\tables.php(222): CodeIgniter\Debug\Exceptions->errorHandler(2, 'Undefined variable $product', 'C:\\laragon\\www\\lab3\\ci4\\app\\Views\\tables.php', 222)
 2 SYSTEMPATH\View\View.php(226): include('C:\\laragon\\www\\lab3\\ci4\\app\\Views\\tables.php')
 3 SYSTEMPATH\View\View.php(229): CodeIgniter\View\View->CodeIgniter\View\{closure}()
 4 SYSTEMPATH\Common.php(1188): CodeIgniter\View\View->render('tables', [], true)
 5 APPPATH\Controllers\Home.php(39): view('tables')
 6 SYSTEMPATH\CodeIgniter.php(919): App\Controllers\Home->tables()
 7 SYSTEMPATH\CodeIgniter.php(494): CodeIgniter\CodeIgniter->runController(Object(App\Controllers\Home))
 8 SYSTEMPATH\CodeIgniter.php(353): CodeIgniter\CodeIgniter->handleRequest(null, Object(Config\Cache), false)
 9 FCPATH\index.php(79): CodeIgniter\CodeIgniter->run()
10 SYSTEMPATH\Commands\Server\rewrite.php(47): require_once('C:\\laragon\\www\\lab3\\ci4\\public\\index.php')
CRITICAL - 2023-09-28 14:39:03 --> Undefined variable $product
in APPPATH\Views\tables.php on line 222.
 1 APPPATH\Views\tables.php(222): CodeIgniter\Debug\Exceptions->errorHandler(2, 'Undefined variable $product', 'C:\\laragon\\www\\lab3\\ci4\\app\\Views\\tables.php', 222)
 2 SYSTEMPATH\View\View.php(226): include('C:\\laragon\\www\\lab3\\ci4\\app\\Views\\tables.php')
 3 SYSTEMPATH\View\View.php(229): CodeIgniter\View\View->CodeIgniter\View\{closure}()
 4 SYSTEMPATH\Common.php(1188): CodeIgniter\View\View->render('tables', [], true)
 5 APPPATH\Controllers\Home.php(39): view('tables')
 6 SYSTEMPATH\CodeIgniter.php(919): App\Controllers\Home->tables()
 7 SYSTEMPATH\CodeIgniter.php(494): CodeIgniter\CodeIgniter->runController(Object(App\Controllers\Home))
 8 SYSTEMPATH\CodeIgniter.php(353): CodeIgniter\CodeIgniter->handleRequest(null, Object(Config\Cache), false)
 9 FCPATH\index.php(79): CodeIgniter\CodeIgniter->run()
10 SYSTEMPATH\Commands\Server\rewrite.php(47): require_once('C:\\laragon\\www\\lab3\\ci4\\public\\index.php')
CRITICAL - 2023-09-28 14:42:21 --> Undefined variable $products
in APPPATH\Views\tables.php on line 222.
 1 APPPATH\Views\tables.php(222): CodeIgniter\Debug\Exceptions->errorHandler(2, 'Undefined variable $products', 'C:\\laragon\\www\\lab3\\ci4\\app\\Views\\tables.php', 222)
 2 SYSTEMPATH\View\View.php(226): include('C:\\laragon\\www\\lab3\\ci4\\app\\Views\\tables.php')
 3 SYSTEMPATH\View\View.php(229): CodeIgniter\View\View->CodeIgniter\View\{closure}()
 4 SYSTEMPATH\Common.php(1188): CodeIgniter\View\View->render('tables', [], true)
 5 APPPATH\Controllers\Home.php(39): view('tables')
 6 SYSTEMPATH\CodeIgniter.php(919): App\Controllers\Home->tables()
 7 SYSTEMPATH\CodeIgniter.php(494): CodeIgniter\CodeIgniter->runController(Object(App\Controllers\Home))
 8 SYSTEMPATH\CodeIgniter.php(353): CodeIgniter\CodeIgniter->handleRequest(null, Object(Config\Cache), false)
 9 FCPATH\index.php(79): CodeIgniter\CodeIgniter->run()
10 SYSTEMPATH\Commands\Server\rewrite.php(47): require_once('C:\\laragon\\www\\lab3\\ci4\\public\\index.php')
CRITICAL - 2023-09-28 14:42:22 --> Undefined variable $products
in APPPATH\Views\tables.php on line 222.
 1 APPPATH\Views\tables.php(222): CodeIgniter\Debug\Exceptions->errorHandler(2, 'Undefined variable $products', 'C:\\laragon\\www\\lab3\\ci4\\app\\Views\\tables.php', 222)
 2 SYSTEMPATH\View\View.php(226): include('C:\\laragon\\www\\lab3\\ci4\\app\\Views\\tables.php')
 3 SYSTEMPATH\View\View.php(229): CodeIgniter\View\View->CodeIgniter\View\{closure}()
 4 SYSTEMPATH\Common.php(1188): CodeIgniter\View\View->render('tables', [], true)
 5 APPPATH\Controllers\Home.php(39): view('tables')
 6 SYSTEMPATH\CodeIgniter.php(919): App\Controllers\Home->tables()
 7 SYSTEMPATH\CodeIgniter.php(494): CodeIgniter\CodeIgniter->runController(Object(App\Controllers\Home))
 8 SYSTEMPATH\CodeIgniter.php(353): CodeIgniter\CodeIgniter->handleRequest(null, Object(Config\Cache), false)
 9 FCPATH\index.php(79): CodeIgniter\CodeIgniter->run()
10 SYSTEMPATH\Commands\Server\rewrite.php(47): require_once('C:\\laragon\\www\\lab3\\ci4\\public\\index.php')
CRITICAL - 2023-09-28 14:42:23 --> Undefined variable $products
in APPPATH\Views\tables.php on line 222.
 1 APPPATH\Views\tables.php(222): CodeIgniter\Debug\Exceptions->errorHandler(2, 'Undefined variable $products', 'C:\\laragon\\www\\lab3\\ci4\\app\\Views\\tables.php', 222)
 2 SYSTEMPATH\View\View.php(226): include('C:\\laragon\\www\\lab3\\ci4\\app\\Views\\tables.php')
 3 SYSTEMPATH\View\View.php(229): CodeIgniter\View\View->CodeIgniter\View\{closure}()
 4 SYSTEMPATH\Common.php(1188): CodeIgniter\View\View->render('tables', [], true)
 5 APPPATH\Controllers\Home.php(39): view('tables')
 6 SYSTEMPATH\CodeIgniter.php(919): App\Controllers\Home->tables()
 7 SYSTEMPATH\CodeIgniter.php(494): CodeIgniter\CodeIgniter->runController(Object(App\Controllers\Home))
 8 SYSTEMPATH\CodeIgniter.php(353): CodeIgniter\CodeIgniter->handleRequest(null, Object(Config\Cache), false)
 9 FCPATH\index.php(79): CodeIgniter\CodeIgniter->run()
10 SYSTEMPATH\Commands\Server\rewrite.php(47): require_once('C:\\laragon\\www\\lab3\\ci4\\public\\index.php')
CRITICAL - 2023-09-28 14:42:23 --> Undefined variable $products
in APPPATH\Views\tables.php on line 222.
 1 APPPATH\Views\tables.php(222): CodeIgniter\Debug\Exceptions->errorHandler(2, 'Undefined variable $products', 'C:\\laragon\\www\\lab3\\ci4\\app\\Views\\tables.php', 222)
 2 SYSTEMPATH\View\View.php(226): include('C:\\laragon\\www\\lab3\\ci4\\app\\Views\\tables.php')
 3 SYSTEMPATH\View\View.php(229): CodeIgniter\View\View->CodeIgniter\View\{closure}()
 4 SYSTEMPATH\Common.php(1188): CodeIgniter\View\View->render('tables', [], true)
 5 APPPATH\Controllers\Home.php(39): view('tables')
 6 SYSTEMPATH\CodeIgniter.php(919): App\Controllers\Home->tables()
 7 SYSTEMPATH\CodeIgniter.php(494): CodeIgniter\CodeIgniter->runController(Object(App\Controllers\Home))
 8 SYSTEMPATH\CodeIgniter.php(353): CodeIgniter\CodeIgniter->handleRequest(null, Object(Config\Cache), false)
 9 FCPATH\index.php(79): CodeIgniter\CodeIgniter->run()
10 SYSTEMPATH\Commands\Server\rewrite.php(47): require_once('C:\\laragon\\www\\lab3\\ci4\\public\\index.php')
CRITICAL - 2023-09-28 14:42:23 --> Undefined variable $products
in APPPATH\Views\tables.php on line 222.
 1 APPPATH\Views\tables.php(222): CodeIgniter\Debug\Exceptions->errorHandler(2, 'Undefined variable $products', 'C:\\laragon\\www\\lab3\\ci4\\app\\Views\\tables.php', 222)
 2 SYSTEMPATH\View\View.php(226): include('C:\\laragon\\www\\lab3\\ci4\\app\\Views\\tables.php')
 3 SYSTEMPATH\View\View.php(229): CodeIgniter\View\View->CodeIgniter\View\{closure}()
 4 SYSTEMPATH\Common.php(1188): CodeIgniter\View\View->render('tables', [], true)
 5 APPPATH\Controllers\Home.php(39): view('tables')
 6 SYSTEMPATH\CodeIgniter.php(919): App\Controllers\Home->tables()
 7 SYSTEMPATH\CodeIgniter.php(494): CodeIgniter\CodeIgniter->runController(Object(App\Controllers\Home))
 8 SYSTEMPATH\CodeIgniter.php(353): CodeIgniter\CodeIgniter->handleRequest(null, Object(Config\Cache), false)
 9 FCPATH\index.php(79): CodeIgniter\CodeIgniter->run()
10 SYSTEMPATH\Commands\Server\rewrite.php(47): require_once('C:\\laragon\\www\\lab3\\ci4\\public\\index.php')
CRITICAL - 2023-09-28 14:42:23 --> Undefined variable $products
in APPPATH\Views\tables.php on line 222.
 1 APPPATH\Views\tables.php(222): CodeIgniter\Debug\Exceptions->errorHandler(2, 'Undefined variable $products', 'C:\\laragon\\www\\lab3\\ci4\\app\\Views\\tables.php', 222)
 2 SYSTEMPATH\View\View.php(226): include('C:\\laragon\\www\\lab3\\ci4\\app\\Views\\tables.php')
 3 SYSTEMPATH\View\View.php(229): CodeIgniter\View\View->CodeIgniter\View\{closure}()
 4 SYSTEMPATH\Common.php(1188): CodeIgniter\View\View->render('tables', [], true)
 5 APPPATH\Controllers\Home.php(39): view('tables')
 6 SYSTEMPATH\CodeIgniter.php(919): App\Controllers\Home->tables()
 7 SYSTEMPATH\CodeIgniter.php(494): CodeIgniter\CodeIgniter->runController(Object(App\Controllers\Home))
 8 SYSTEMPATH\CodeIgniter.php(353): CodeIgniter\CodeIgniter->handleRequest(null, Object(Config\Cache), false)
 9 FCPATH\index.php(79): CodeIgniter\CodeIgniter->run()
10 SYSTEMPATH\Commands\Server\rewrite.php(47): require_once('C:\\laragon\\www\\lab3\\ci4\\public\\index.php')
CRITICAL - 2023-09-28 14:45:13 --> Undefined variable $products
in APPPATH\Views\tables.php on line 222.
 1 APPPATH\Views\tables.php(222): CodeIgniter\Debug\Exceptions->errorHandler(2, 'Undefined variable $products', 'C:\\laragon\\www\\lab3\\ci4\\app\\Views\\tables.php', 222)
 2 SYSTEMPATH\View\View.php(226): include('C:\\laragon\\www\\lab3\\ci4\\app\\Views\\tables.php')
 3 SYSTEMPATH\View\View.php(229): CodeIgniter\View\View->CodeIgniter\View\{closure}()
 4 SYSTEMPATH\Common.php(1188): CodeIgniter\View\View->render('tables', [], true)
 5 APPPATH\Controllers\Home.php(39): view('tables')
 6 SYSTEMPATH\CodeIgniter.php(919): App\Controllers\Home->tables()
 7 SYSTEMPATH\CodeIgniter.php(494): CodeIgniter\CodeIgniter->runController(Object(App\Controllers\Home))
 8 SYSTEMPATH\CodeIgniter.php(353): CodeIgniter\CodeIgniter->handleRequest(null, Object(Config\Cache), false)
 9 FCPATH\index.php(79): CodeIgniter\CodeIgniter->run()
10 SYSTEMPATH\Commands\Server\rewrite.php(47): require_once('C:\\laragon\\www\\lab3\\ci4\\public\\index.php')
CRITICAL - 2023-09-28 14:45:13 --> Undefined variable $products
in APPPATH\Views\tables.php on line 222.
 1 APPPATH\Views\tables.php(222): CodeIgniter\Debug\Exceptions->errorHandler(2, 'Undefined variable $products', 'C:\\laragon\\www\\lab3\\ci4\\app\\Views\\tables.php', 222)
 2 SYSTEMPATH\View\View.php(226): include('C:\\laragon\\www\\lab3\\ci4\\app\\Views\\tables.php')
 3 SYSTEMPATH\View\View.php(229): CodeIgniter\View\View->CodeIgniter\View\{closure}()
 4 SYSTEMPATH\Common.php(1188): CodeIgniter\View\View->render('tables', [], true)
 5 APPPATH\Controllers\Home.php(39): view('tables')
 6 SYSTEMPATH\CodeIgniter.php(919): App\Controllers\Home->tables()
 7 SYSTEMPATH\CodeIgniter.php(494): CodeIgniter\CodeIgniter->runController(Object(App\Controllers\Home))
 8 SYSTEMPATH\CodeIgniter.php(353): CodeIgniter\CodeIgniter->handleRequest(null, Object(Config\Cache), false)
 9 FCPATH\index.php(79): CodeIgniter\CodeIgniter->run()
10 SYSTEMPATH\Commands\Server\rewrite.php(47): require_once('C:\\laragon\\www\\lab3\\ci4\\public\\index.php')
CRITICAL - 2023-09-28 14:46:10 --> Undefined variable $products
in APPPATH\Views\tables.php on line 222.
 1 APPPATH\Views\tables.php(222): CodeIgniter\Debug\Exceptions->errorHandler(2, 'Undefined variable $products', 'C:\\laragon\\www\\lab3\\ci4\\app\\Views\\tables.php', 222)
 2 SYSTEMPATH\View\View.php(226): include('C:\\laragon\\www\\lab3\\ci4\\app\\Views\\tables.php')
 3 SYSTEMPATH\View\View.php(229): CodeIgniter\View\View->CodeIgniter\View\{closure}()
 4 SYSTEMPATH\Common.php(1188): CodeIgniter\View\View->render('tables', [], true)
 5 APPPATH\Controllers\Home.php(39): view('tables')
 6 SYSTEMPATH\CodeIgniter.php(919): App\Controllers\Home->tables()
 7 SYSTEMPATH\CodeIgniter.php(494): CodeIgniter\CodeIgniter->runController(Object(App\Controllers\Home))
 8 SYSTEMPATH\CodeIgniter.php(353): CodeIgniter\CodeIgniter->handleRequest(null, Object(Config\Cache), false)
 9 FCPATH\index.php(79): CodeIgniter\CodeIgniter->run()
10 SYSTEMPATH\Commands\Server\rewrite.php(47): require_once('C:\\laragon\\www\\lab3\\ci4\\public\\index.php')
CRITICAL - 2023-09-28 14:46:10 --> Undefined variable $products
in APPPATH\Views\tables.php on line 222.
 1 APPPATH\Views\tables.php(222): CodeIgniter\Debug\Exceptions->errorHandler(2, 'Undefined variable $products', 'C:\\laragon\\www\\lab3\\ci4\\app\\Views\\tables.php', 222)
 2 SYSTEMPATH\View\View.php(226): include('C:\\laragon\\www\\lab3\\ci4\\app\\Views\\tables.php')
 3 SYSTEMPATH\View\View.php(229): CodeIgniter\View\View->CodeIgniter\View\{closure}()
 4 SYSTEMPATH\Common.php(1188): CodeIgniter\View\View->render('tables', [], true)
 5 APPPATH\Controllers\Home.php(39): view('tables')
 6 SYSTEMPATH\CodeIgniter.php(919): App\Controllers\Home->tables()
 7 SYSTEMPATH\CodeIgniter.php(494): CodeIgniter\CodeIgniter->runController(Object(App\Controllers\Home))
 8 SYSTEMPATH\CodeIgniter.php(353): CodeIgniter\CodeIgniter->handleRequest(null, Object(Config\Cache), false)
 9 FCPATH\index.php(79): CodeIgniter\CodeIgniter->run()
10 SYSTEMPATH\Commands\Server\rewrite.php(47): require_once('C:\\laragon\\www\\lab3\\ci4\\public\\index.php')
CRITICAL - 2023-09-28 14:46:16 --> Undefined variable $products
in APPPATH\Views\tables.php on line 222.
 1 APPPATH\Views\tables.php(222): CodeIgniter\Debug\Exceptions->errorHandler(2, 'Undefined variable $products', 'C:\\laragon\\www\\lab3\\ci4\\app\\Views\\tables.php', 222)
 2 SYSTEMPATH\View\View.php(226): include('C:\\laragon\\www\\lab3\\ci4\\app\\Views\\tables.php')
 3 SYSTEMPATH\View\View.php(229): CodeIgniter\View\View->CodeIgniter\View\{closure}()
 4 SYSTEMPATH\Common.php(1188): CodeIgniter\View\View->render('tables', [], true)
 5 APPPATH\Controllers\Home.php(39): view('tables')
 6 SYSTEMPATH\CodeIgniter.php(919): App\Controllers\Home->tables()
 7 SYSTEMPATH\CodeIgniter.php(494): CodeIgniter\CodeIgniter->runController(Object(App\Controllers\Home))
 8 SYSTEMPATH\CodeIgniter.php(353): CodeIgniter\CodeIgniter->handleRequest(null, Object(Config\Cache), false)
 9 FCPATH\index.php(79): CodeIgniter\CodeIgniter->run()
10 SYSTEMPATH\Commands\Server\rewrite.php(47): require_once('C:\\laragon\\www\\lab3\\ci4\\public\\index.php')
CRITICAL - 2023-09-28 14:47:25 --> Undefined variable $products
in APPPATH\Views\tables.php on line 222.
 1 APPPATH\Views\tables.php(222): CodeIgniter\Debug\Exceptions->errorHandler(2, 'Undefined variable $products', 'C:\\laragon\\www\\lab3\\ci4\\app\\Views\\tables.php', 222)
 2 SYSTEMPATH\View\View.php(226): include('C:\\laragon\\www\\lab3\\ci4\\app\\Views\\tables.php')
 3 SYSTEMPATH\View\View.php(229): CodeIgniter\View\View->CodeIgniter\View\{closure}()
 4 SYSTEMPATH\Common.php(1188): CodeIgniter\View\View->render('tables', [], true)
 5 APPPATH\Controllers\Home.php(39): view('tables')
 6 SYSTEMPATH\CodeIgniter.php(919): App\Controllers\Home->tables()
 7 SYSTEMPATH\CodeIgniter.php(494): CodeIgniter\CodeIgniter->runController(Object(App\Controllers\Home))
 8 SYSTEMPATH\CodeIgniter.php(353): CodeIgniter\CodeIgniter->handleRequest(null, Object(Config\Cache), false)
 9 FCPATH\index.php(79): CodeIgniter\CodeIgniter->run()
10 SYSTEMPATH\Commands\Server\rewrite.php(47): require_once('C:\\laragon\\www\\lab3\\ci4\\public\\index.php')
CRITICAL - 2023-09-28 14:47:41 --> Undefined variable $products
in APPPATH\Views\tables.php on line 222.
 1 APPPATH\Views\tables.php(222): CodeIgniter\Debug\Exceptions->errorHandler(2, 'Undefined variable $products', 'C:\\laragon\\www\\lab3\\ci4\\app\\Views\\tables.php', 222)
 2 SYSTEMPATH\View\View.php(226): include('C:\\laragon\\www\\lab3\\ci4\\app\\Views\\tables.php')
 3 SYSTEMPATH\View\View.php(229): CodeIgniter\View\View->CodeIgniter\View\{closure}()
 4 SYSTEMPATH\Common.php(1188): CodeIgniter\View\View->render('tables', [], true)
 5 APPPATH\Controllers\Home.php(39): view('tables')
 6 SYSTEMPATH\CodeIgniter.php(919): App\Controllers\Home->tables()
 7 SYSTEMPATH\CodeIgniter.php(494): CodeIgniter\CodeIgniter->runController(Object(App\Controllers\Home))
 8 SYSTEMPATH\CodeIgniter.php(353): CodeIgniter\CodeIgniter->handleRequest(null, Object(Config\Cache), false)
 9 FCPATH\index.php(79): CodeIgniter\CodeIgniter->run()
10 SYSTEMPATH\Commands\Server\rewrite.php(47): require_once('C:\\laragon\\www\\lab3\\ci4\\public\\index.php')
CRITICAL - 2023-09-28 14:48:32 --> Undefined variable $product
in APPPATH\Views\tables.php on line 222.
 1 APPPATH\Views\tables.php(222): CodeIgniter\Debug\Exceptions->errorHandler(2, 'Undefined variable $product', 'C:\\laragon\\www\\lab3\\ci4\\app\\Views\\tables.php', 222)
 2 SYSTEMPATH\View\View.php(226): include('C:\\laragon\\www\\lab3\\ci4\\app\\Views\\tables.php')
 3 SYSTEMPATH\View\View.php(229): CodeIgniter\View\View->CodeIgniter\View\{closure}()
 4 SYSTEMPATH\Common.php(1188): CodeIgniter\View\View->render('tables', [], true)
 5 APPPATH\Controllers\Home.php(39): view('tables')
 6 SYSTEMPATH\CodeIgniter.php(919): App\Controllers\Home->tables()
 7 SYSTEMPATH\CodeIgniter.php(494): CodeIgniter\CodeIgniter->runController(Object(App\Controllers\Home))
 8 SYSTEMPATH\CodeIgniter.php(353): CodeIgniter\CodeIgniter->handleRequest(null, Object(Config\Cache), false)
 9 FCPATH\index.php(79): CodeIgniter\CodeIgniter->run()
10 SYSTEMPATH\Commands\Server\rewrite.php(47): require_once('C:\\laragon\\www\\lab3\\ci4\\public\\index.php')
CRITICAL - 2023-09-28 14:48:32 --> Undefined variable $product
in APPPATH\Views\tables.php on line 222.
 1 APPPATH\Views\tables.php(222): CodeIgniter\Debug\Exceptions->errorHandler(2, 'Undefined variable $product', 'C:\\laragon\\www\\lab3\\ci4\\app\\Views\\tables.php', 222)
 2 SYSTEMPATH\View\View.php(226): include('C:\\laragon\\www\\lab3\\ci4\\app\\Views\\tables.php')
 3 SYSTEMPATH\View\View.php(229): CodeIgniter\View\View->CodeIgniter\View\{closure}()
 4 SYSTEMPATH\Common.php(1188): CodeIgniter\View\View->render('tables', [], true)
 5 APPPATH\Controllers\Home.php(39): view('tables')
 6 SYSTEMPATH\CodeIgniter.php(919): App\Controllers\Home->tables()
 7 SYSTEMPATH\CodeIgniter.php(494): CodeIgniter\CodeIgniter->runController(Object(App\Controllers\Home))
 8 SYSTEMPATH\CodeIgniter.php(353): CodeIgniter\CodeIgniter->handleRequest(null, Object(Config\Cache), false)
 9 FCPATH\index.php(79): CodeIgniter\CodeIgniter->run()
10 SYSTEMPATH\Commands\Server\rewrite.php(47): require_once('C:\\laragon\\www\\lab3\\ci4\\public\\index.php')
CRITICAL - 2023-09-28 14:48:32 --> Undefined variable $product
in APPPATH\Views\tables.php on line 222.
 1 APPPATH\Views\tables.php(222): CodeIgniter\Debug\Exceptions->errorHandler(2, 'Undefined variable $product', 'C:\\laragon\\www\\lab3\\ci4\\app\\Views\\tables.php', 222)
 2 SYSTEMPATH\View\View.php(226): include('C:\\laragon\\www\\lab3\\ci4\\app\\Views\\tables.php')
 3 SYSTEMPATH\View\View.php(229): CodeIgniter\View\View->CodeIgniter\View\{closure}()
 4 SYSTEMPATH\Common.php(1188): CodeIgniter\View\View->render('tables', [], true)
 5 APPPATH\Controllers\Home.php(39): view('tables')
 6 SYSTEMPATH\CodeIgniter.php(919): App\Controllers\Home->tables()
 7 SYSTEMPATH\CodeIgniter.php(494): CodeIgniter\CodeIgniter->runController(Object(App\Controllers\Home))
 8 SYSTEMPATH\CodeIgniter.php(353): CodeIgniter\CodeIgniter->handleRequest(null, Object(Config\Cache), false)
 9 FCPATH\index.php(79): CodeIgniter\CodeIgniter->run()
10 SYSTEMPATH\Commands\Server\rewrite.php(47): require_once('C:\\laragon\\www\\lab3\\ci4\\public\\index.php')
CRITICAL - 2023-09-28 14:48:33 --> Undefined variable $product
in APPPATH\Views\tables.php on line 222.
 1 APPPATH\Views\tables.php(222): CodeIgniter\Debug\Exceptions->errorHandler(2, 'Undefined variable $product', 'C:\\laragon\\www\\lab3\\ci4\\app\\Views\\tables.php', 222)
 2 SYSTEMPATH\View\View.php(226): include('C:\\laragon\\www\\lab3\\ci4\\app\\Views\\tables.php')
 3 SYSTEMPATH\View\View.php(229): CodeIgniter\View\View->CodeIgniter\View\{closure}()
 4 SYSTEMPATH\Common.php(1188): CodeIgniter\View\View->render('tables', [], true)
 5 APPPATH\Controllers\Home.php(39): view('tables')
 6 SYSTEMPATH\CodeIgniter.php(919): App\Controllers\Home->tables()
 7 SYSTEMPATH\CodeIgniter.php(494): CodeIgniter\CodeIgniter->runController(Object(App\Controllers\Home))
 8 SYSTEMPATH\CodeIgniter.php(353): CodeIgniter\CodeIgniter->handleRequest(null, Object(Config\Cache), false)
 9 FCPATH\index.php(79): CodeIgniter\CodeIgniter->run()
10 SYSTEMPATH\Commands\Server\rewrite.php(47): require_once('C:\\laragon\\www\\lab3\\ci4\\public\\index.php')
CRITICAL - 2023-09-28 14:48:33 --> Undefined variable $product
in APPPATH\Views\tables.php on line 222.
 1 APPPATH\Views\tables.php(222): CodeIgniter\Debug\Exceptions->errorHandler(2, 'Undefined variable $product', 'C:\\laragon\\www\\lab3\\ci4\\app\\Views\\tables.php', 222)
 2 SYSTEMPATH\View\View.php(226): include('C:\\laragon\\www\\lab3\\ci4\\app\\Views\\tables.php')
 3 SYSTEMPATH\View\View.php(229): CodeIgniter\View\View->CodeIgniter\View\{closure}()
 4 SYSTEMPATH\Common.php(1188): CodeIgniter\View\View->render('tables', [], true)
 5 APPPATH\Controllers\Home.php(39): view('tables')
 6 SYSTEMPATH\CodeIgniter.php(919): App\Controllers\Home->tables()
 7 SYSTEMPATH\CodeIgniter.php(494): CodeIgniter\CodeIgniter->runController(Object(App\Controllers\Home))
 8 SYSTEMPATH\CodeIgniter.php(353): CodeIgniter\CodeIgniter->handleRequest(null, Object(Config\Cache), false)
 9 FCPATH\index.php(79): CodeIgniter\CodeIgniter->run()
10 SYSTEMPATH\Commands\Server\rewrite.php(47): require_once('C:\\laragon\\www\\lab3\\ci4\\public\\index.php')
CRITICAL - 2023-09-28 14:48:33 --> Undefined variable $product
in APPPATH\Views\tables.php on line 222.
 1 APPPATH\Views\tables.php(222): CodeIgniter\Debug\Exceptions->errorHandler(2, 'Undefined variable $product', 'C:\\laragon\\www\\lab3\\ci4\\app\\Views\\tables.php', 222)
 2 SYSTEMPATH\View\View.php(226): include('C:\\laragon\\www\\lab3\\ci4\\app\\Views\\tables.php')
 3 SYSTEMPATH\View\View.php(229): CodeIgniter\View\View->CodeIgniter\View\{closure}()
 4 SYSTEMPATH\Common.php(1188): CodeIgniter\View\View->render('tables', [], true)
 5 APPPATH\Controllers\Home.php(39): view('tables')
 6 SYSTEMPATH\CodeIgniter.php(919): App\Controllers\Home->tables()
 7 SYSTEMPATH\CodeIgniter.php(494): CodeIgniter\CodeIgniter->runController(Object(App\Controllers\Home))
 8 SYSTEMPATH\CodeIgniter.php(353): CodeIgniter\CodeIgniter->handleRequest(null, Object(Config\Cache), false)
 9 FCPATH\index.php(79): CodeIgniter\CodeIgniter->run()
10 SYSTEMPATH\Commands\Server\rewrite.php(47): require_once('C:\\laragon\\www\\lab3\\ci4\\public\\index.php')
CRITICAL - 2023-09-28 14:52:21 --> Undefined variable $product
in APPPATH\Views\tables.php on line 222.
 1 APPPATH\Views\tables.php(222): CodeIgniter\Debug\Exceptions->errorHandler(2, 'Undefined variable $product', 'C:\\laragon\\www\\lab3\\ci4\\app\\Views\\tables.php', 222)
 2 SYSTEMPATH\View\View.php(226): include('C:\\laragon\\www\\lab3\\ci4\\app\\Views\\tables.php')
 3 SYSTEMPATH\View\View.php(229): CodeIgniter\View\View->CodeIgniter\View\{closure}()
 4 SYSTEMPATH\Common.php(1188): CodeIgniter\View\View->render('tables', [], true)
 5 APPPATH\Controllers\Home.php(39): view('tables')
 6 SYSTEMPATH\CodeIgniter.php(919): App\Controllers\Home->tables()
 7 SYSTEMPATH\CodeIgniter.php(494): CodeIgniter\CodeIgniter->runController(Object(App\Controllers\Home))
 8 SYSTEMPATH\CodeIgniter.php(353): CodeIgniter\CodeIgniter->handleRequest(null, Object(Config\Cache), false)
 9 FCPATH\index.php(79): CodeIgniter\CodeIgniter->run()
10 SYSTEMPATH\Commands\Server\rewrite.php(47): require_once('C:\\laragon\\www\\lab3\\ci4\\public\\index.php')
CRITICAL - 2023-09-28 14:53:01 --> Undefined variable $product
in APPPATH\Views\tables.php on line 222.
 1 APPPATH\Views\tables.php(222): CodeIgniter\Debug\Exceptions->errorHandler(2, 'Undefined variable $product', 'C:\\laragon\\www\\lab3\\ci4\\app\\Views\\tables.php', 222)
 2 SYSTEMPATH\View\View.php(226): include('C:\\laragon\\www\\lab3\\ci4\\app\\Views\\tables.php')
 3 SYSTEMPATH\View\View.php(229): CodeIgniter\View\View->CodeIgniter\View\{closure}()
 4 SYSTEMPATH\Common.php(1188): CodeIgniter\View\View->render('tables', [], true)
 5 APPPATH\Controllers\Home.php(39): view('tables')
 6 SYSTEMPATH\CodeIgniter.php(919): App\Controllers\Home->tables()
 7 SYSTEMPATH\CodeIgniter.php(494): CodeIgniter\CodeIgniter->runController(Object(App\Controllers\Home))
 8 SYSTEMPATH\CodeIgniter.php(353): CodeIgniter\CodeIgniter->handleRequest(null, Object(Config\Cache), false)
 9 FCPATH\index.php(79): CodeIgniter\CodeIgniter->run()
10 SYSTEMPATH\Commands\Server\rewrite.php(47): require_once('C:\\laragon\\www\\lab3\\ci4\\public\\index.php')
CRITICAL - 2023-09-28 14:54:15 --> Undefined variable $product
in APPPATH\Views\tables.php on line 222.
 1 APPPATH\Views\tables.php(222): CodeIgniter\Debug\Exceptions->errorHandler(2, 'Undefined variable $product', 'C:\\laragon\\www\\lab3\\ci4\\app\\Views\\tables.php', 222)
 2 SYSTEMPATH\View\View.php(226): include('C:\\laragon\\www\\lab3\\ci4\\app\\Views\\tables.php')
 3 SYSTEMPATH\View\View.php(229): CodeIgniter\View\View->CodeIgniter\View\{closure}()
 4 SYSTEMPATH\Common.php(1188): CodeIgniter\View\View->render('tables', [], true)
 5 APPPATH\Controllers\Home.php(45): view('tables')
 6 SYSTEMPATH\CodeIgniter.php(919): App\Controllers\Home->tables()
 7 SYSTEMPATH\CodeIgniter.php(494): CodeIgniter\CodeIgniter->runController(Object(App\Controllers\Home))
 8 SYSTEMPATH\CodeIgniter.php(353): CodeIgniter\CodeIgniter->handleRequest(null, Object(Config\Cache), false)
 9 FCPATH\index.php(79): CodeIgniter\CodeIgniter->run()
10 SYSTEMPATH\Commands\Server\rewrite.php(47): require_once('C:\\laragon\\www\\lab3\\ci4\\public\\index.php')
CRITICAL - 2023-09-28 14:54:16 --> Undefined variable $product
in APPPATH\Views\tables.php on line 222.
 1 APPPATH\Views\tables.php(222): CodeIgniter\Debug\Exceptions->errorHandler(2, 'Undefined variable $product', 'C:\\laragon\\www\\lab3\\ci4\\app\\Views\\tables.php', 222)
 2 SYSTEMPATH\View\View.php(226): include('C:\\laragon\\www\\lab3\\ci4\\app\\Views\\tables.php')
 3 SYSTEMPATH\View\View.php(229): CodeIgniter\View\View->CodeIgniter\View\{closure}()
 4 SYSTEMPATH\Common.php(1188): CodeIgniter\View\View->render('tables', [], true)
 5 APPPATH\Controllers\Home.php(45): view('tables')
 6 SYSTEMPATH\CodeIgniter.php(919): App\Controllers\Home->tables()
 7 SYSTEMPATH\CodeIgniter.php(494): CodeIgniter\CodeIgniter->runController(Object(App\Controllers\Home))
 8 SYSTEMPATH\CodeIgniter.php(353): CodeIgniter\CodeIgniter->handleRequest(null, Object(Config\Cache), false)
 9 FCPATH\index.php(79): CodeIgniter\CodeIgniter->run()
10 SYSTEMPATH\Commands\Server\rewrite.php(47): require_once('C:\\laragon\\www\\lab3\\ci4\\public\\index.php')
CRITICAL - 2023-09-28 14:54:23 --> Undefined variable $product
in APPPATH\Views\tables.php on line 222.
 1 APPPATH\Views\tables.php(222): CodeIgniter\Debug\Exceptions->errorHandler(2, 'Undefined variable $product', 'C:\\laragon\\www\\lab3\\ci4\\app\\Views\\tables.php', 222)
 2 SYSTEMPATH\View\View.php(226): include('C:\\laragon\\www\\lab3\\ci4\\app\\Views\\tables.php')
 3 SYSTEMPATH\View\View.php(229): CodeIgniter\View\View->CodeIgniter\View\{closure}()
 4 SYSTEMPATH\Common.php(1188): CodeIgniter\View\View->render('tables', [], true)
 5 APPPATH\Controllers\Home.php(45): view('tables')
 6 SYSTEMPATH\CodeIgniter.php(919): App\Controllers\Home->tables()
 7 SYSTEMPATH\CodeIgniter.php(494): CodeIgniter\CodeIgniter->runController(Object(App\Controllers\Home))
 8 SYSTEMPATH\CodeIgniter.php(353): CodeIgniter\CodeIgniter->handleRequest(null, Object(Config\Cache), false)
 9 FCPATH\index.php(79): CodeIgniter\CodeIgniter->run()
10 SYSTEMPATH\Commands\Server\rewrite.php(47): require_once('C:\\laragon\\www\\lab3\\ci4\\public\\index.php')
CRITICAL - 2023-09-28 14:54:37 --> Undefined variable $product
in APPPATH\Views\tables.php on line 222.
 1 APPPATH\Views\tables.php(222): CodeIgniter\Debug\Exceptions->errorHandler(2, 'Undefined variable $product', 'C:\\laragon\\www\\lab3\\ci4\\app\\Views\\tables.php', 222)
 2 SYSTEMPATH\View\View.php(226): include('C:\\laragon\\www\\lab3\\ci4\\app\\Views\\tables.php')
 3 SYSTEMPATH\View\View.php(229): CodeIgniter\View\View->CodeIgniter\View\{closure}()
 4 SYSTEMPATH\Common.php(1188): CodeIgniter\View\View->render('tables', [], true)
 5 APPPATH\Controllers\Home.php(45): view('tables')
 6 SYSTEMPATH\CodeIgniter.php(919): App\Controllers\Home->tables()
 7 SYSTEMPATH\CodeIgniter.php(494): CodeIgniter\CodeIgniter->runController(Object(App\Controllers\Home))
 8 SYSTEMPATH\CodeIgniter.php(353): CodeIgniter\CodeIgniter->handleRequest(null, Object(Config\Cache), false)
 9 FCPATH\index.php(79): CodeIgniter\CodeIgniter->run()
10 SYSTEMPATH\Commands\Server\rewrite.php(47): require_once('C:\\laragon\\www\\lab3\\ci4\\public\\index.php')
CRITICAL - 2023-09-28 14:54:38 --> Undefined variable $product
in APPPATH\Views\tables.php on line 222.
 1 APPPATH\Views\tables.php(222): CodeIgniter\Debug\Exceptions->errorHandler(2, 'Undefined variable $product', 'C:\\laragon\\www\\lab3\\ci4\\app\\Views\\tables.php', 222)
 2 SYSTEMPATH\View\View.php(226): include('C:\\laragon\\www\\lab3\\ci4\\app\\Views\\tables.php')
 3 SYSTEMPATH\View\View.php(229): CodeIgniter\View\View->CodeIgniter\View\{closure}()
 4 SYSTEMPATH\Common.php(1188): CodeIgniter\View\View->render('tables', [], true)
 5 APPPATH\Controllers\Home.php(45): view('tables')
 6 SYSTEMPATH\CodeIgniter.php(919): App\Controllers\Home->tables()
 7 SYSTEMPATH\CodeIgniter.php(494): CodeIgniter\CodeIgniter->runController(Object(App\Controllers\Home))
 8 SYSTEMPATH\CodeIgniter.php(353): CodeIgniter\CodeIgniter->handleRequest(null, Object(Config\Cache), false)
 9 FCPATH\index.php(79): CodeIgniter\CodeIgniter->run()
10 SYSTEMPATH\Commands\Server\rewrite.php(47): require_once('C:\\laragon\\www\\lab3\\ci4\\public\\index.php')
CRITICAL - 2023-09-28 14:54:38 --> Undefined variable $product
in APPPATH\Views\tables.php on line 222.
 1 APPPATH\Views\tables.php(222): CodeIgniter\Debug\Exceptions->errorHandler(2, 'Undefined variable $product', 'C:\\laragon\\www\\lab3\\ci4\\app\\Views\\tables.php', 222)
 2 SYSTEMPATH\View\View.php(226): include('C:\\laragon\\www\\lab3\\ci4\\app\\Views\\tables.php')
 3 SYSTEMPATH\View\View.php(229): CodeIgniter\View\View->CodeIgniter\View\{closure}()
 4 SYSTEMPATH\Common.php(1188): CodeIgniter\View\View->render('tables', [], true)
 5 APPPATH\Controllers\Home.php(45): view('tables')
 6 SYSTEMPATH\CodeIgniter.php(919): App\Controllers\Home->tables()
 7 SYSTEMPATH\CodeIgniter.php(494): CodeIgniter\CodeIgniter->runController(Object(App\Controllers\Home))
 8 SYSTEMPATH\CodeIgniter.php(353): CodeIgniter\CodeIgniter->handleRequest(null, Object(Config\Cache), false)
 9 FCPATH\index.php(79): CodeIgniter\CodeIgniter->run()
10 SYSTEMPATH\Commands\Server\rewrite.php(47): require_once('C:\\laragon\\www\\lab3\\ci4\\public\\index.php')
CRITICAL - 2023-09-28 14:54:42 --> Undefined variable $product
in APPPATH\Views\tables.php on line 222.
 1 APPPATH\Views\tables.php(222): CodeIgniter\Debug\Exceptions->errorHandler(2, 'Undefined variable $product', 'C:\\laragon\\www\\lab3\\ci4\\app\\Views\\tables.php', 222)
 2 SYSTEMPATH\View\View.php(226): include('C:\\laragon\\www\\lab3\\ci4\\app\\Views\\tables.php')
 3 SYSTEMPATH\View\View.php(229): CodeIgniter\View\View->CodeIgniter\View\{closure}()
 4 SYSTEMPATH\Common.php(1188): CodeIgniter\View\View->render('tables', [], true)
 5 APPPATH\Controllers\Home.php(45): view('tables')
 6 SYSTEMPATH\CodeIgniter.php(919): App\Controllers\Home->tables()
 7 SYSTEMPATH\CodeIgniter.php(494): CodeIgniter\CodeIgniter->runController(Object(App\Controllers\Home))
 8 SYSTEMPATH\CodeIgniter.php(353): CodeIgniter\CodeIgniter->handleRequest(null, Object(Config\Cache), false)
 9 FCPATH\index.php(79): CodeIgniter\CodeIgniter->run()
10 SYSTEMPATH\Commands\Server\rewrite.php(47): require_once('C:\\laragon\\www\\lab3\\ci4\\public\\index.php')
CRITICAL - 2023-09-28 14:57:02 --> Undefined variable $product
in APPPATH\Views\tables.php on line 222.
 1 APPPATH\Views\tables.php(222): CodeIgniter\Debug\Exceptions->errorHandler(2, 'Undefined variable $product', 'C:\\laragon\\www\\lab3\\ci4\\app\\Views\\tables.php', 222)
 2 SYSTEMPATH\View\View.php(226): include('C:\\laragon\\www\\lab3\\ci4\\app\\Views\\tables.php')
 3 SYSTEMPATH\View\View.php(229): CodeIgniter\View\View->CodeIgniter\View\{closure}()
 4 SYSTEMPATH\Common.php(1188): CodeIgniter\View\View->render('tables', [], true)
 5 APPPATH\Controllers\Home.php(45): view('tables')
 6 SYSTEMPATH\CodeIgniter.php(919): App\Controllers\Home->tables()
 7 SYSTEMPATH\CodeIgniter.php(494): CodeIgniter\CodeIgniter->runController(Object(App\Controllers\Home))
 8 SYSTEMPATH\CodeIgniter.php(353): CodeIgniter\CodeIgniter->handleRequest(null, Object(Config\Cache), false)
 9 FCPATH\index.php(79): CodeIgniter\CodeIgniter->run()
10 SYSTEMPATH\Commands\Server\rewrite.php(47): require_once('C:\\laragon\\www\\lab3\\ci4\\public\\index.php')
CRITICAL - 2023-09-28 14:57:48 --> Undefined variable $product
in APPPATH\Views\tables.php on line 222.
 1 APPPATH\Views\tables.php(222): CodeIgniter\Debug\Exceptions->errorHandler(2, 'Undefined variable $product', 'C:\\laragon\\www\\lab3\\ci4\\app\\Views\\tables.php', 222)
 2 SYSTEMPATH\View\View.php(226): include('C:\\laragon\\www\\lab3\\ci4\\app\\Views\\tables.php')
 3 SYSTEMPATH\View\View.php(229): CodeIgniter\View\View->CodeIgniter\View\{closure}()
 4 SYSTEMPATH\Common.php(1188): CodeIgniter\View\View->render('tables', [], true)
 5 APPPATH\Controllers\Home.php(45): view('tables')
 6 SYSTEMPATH\CodeIgniter.php(919): App\Controllers\Home->tables()
 7 SYSTEMPATH\CodeIgniter.php(494): CodeIgniter\CodeIgniter->runController(Object(App\Controllers\Home))
 8 SYSTEMPATH\CodeIgniter.php(353): CodeIgniter\CodeIgniter->handleRequest(null, Object(Config\Cache), false)
 9 FCPATH\index.php(79): CodeIgniter\CodeIgniter->run()
10 SYSTEMPATH\Commands\Server\rewrite.php(47): require_once('C:\\laragon\\www\\lab3\\ci4\\public\\index.php')
CRITICAL - 2023-09-28 14:57:49 --> Undefined variable $product
in APPPATH\Views\tables.php on line 222.
 1 APPPATH\Views\tables.php(222): CodeIgniter\Debug\Exceptions->errorHandler(2, 'Undefined variable $product', 'C:\\laragon\\www\\lab3\\ci4\\app\\Views\\tables.php', 222)
 2 SYSTEMPATH\View\View.php(226): include('C:\\laragon\\www\\lab3\\ci4\\app\\Views\\tables.php')
 3 SYSTEMPATH\View\View.php(229): CodeIgniter\View\View->CodeIgniter\View\{closure}()
 4 SYSTEMPATH\Common.php(1188): CodeIgniter\View\View->render('tables', [], true)
 5 APPPATH\Controllers\Home.php(45): view('tables')
 6 SYSTEMPATH\CodeIgniter.php(919): App\Controllers\Home->tables()
 7 SYSTEMPATH\CodeIgniter.php(494): CodeIgniter\CodeIgniter->runController(Object(App\Controllers\Home))
 8 SYSTEMPATH\CodeIgniter.php(353): CodeIgniter\CodeIgniter->handleRequest(null, Object(Config\Cache), false)
 9 FCPATH\index.php(79): CodeIgniter\CodeIgniter->run()
10 SYSTEMPATH\Commands\Server\rewrite.php(47): require_once('C:\\laragon\\www\\lab3\\ci4\\public\\index.php')
CRITICAL - 2023-09-28 14:57:49 --> Undefined variable $product
in APPPATH\Views\tables.php on line 222.
 1 APPPATH\Views\tables.php(222): CodeIgniter\Debug\Exceptions->errorHandler(2, 'Undefined variable $product', 'C:\\laragon\\www\\lab3\\ci4\\app\\Views\\tables.php', 222)
 2 SYSTEMPATH\View\View.php(226): include('C:\\laragon\\www\\lab3\\ci4\\app\\Views\\tables.php')
 3 SYSTEMPATH\View\View.php(229): CodeIgniter\View\View->CodeIgniter\View\{closure}()
 4 SYSTEMPATH\Common.php(1188): CodeIgniter\View\View->render('tables', [], true)
 5 APPPATH\Controllers\Home.php(45): view('tables')
 6 SYSTEMPATH\CodeIgniter.php(919): App\Controllers\Home->tables()
 7 SYSTEMPATH\CodeIgniter.php(494): CodeIgniter\CodeIgniter->runController(Object(App\Controllers\Home))
 8 SYSTEMPATH\CodeIgniter.php(353): CodeIgniter\CodeIgniter->handleRequest(null, Object(Config\Cache), false)
 9 FCPATH\index.php(79): CodeIgniter\CodeIgniter->run()
10 SYSTEMPATH\Commands\Server\rewrite.php(47): require_once('C:\\laragon\\www\\lab3\\ci4\\public\\index.php')
CRITICAL - 2023-09-28 16:00:45 --> syntax error, unexpected token "}", expecting ";"
in APPPATH\Controllers\Home.php on line 58.
 1 SYSTEMPATH\Autoloader\Autoloader.php(285): CodeIgniter\Autoloader\Autoloader->includeFile('C:\\laragon\\www\\lab3\\ci4\\app\\Controllers\\Home.php')
 2 SYSTEMPATH\Autoloader\Autoloader.php(263): CodeIgniter\Autoloader\Autoloader->loadInNamespace('App\\Controllers\\Home')
 3 [internal function]: CodeIgniter\Autoloader\Autoloader->loadClass('App\\Controllers\\Home')
 4 SYSTEMPATH\CodeIgniter.php(877): class_exists('\\App\\Controllers\\Home', true)
 5 SYSTEMPATH\CodeIgniter.php(481): CodeIgniter\CodeIgniter->startController()
 6 SYSTEMPATH\CodeIgniter.php(353): CodeIgniter\CodeIgniter->handleRequest(null, Object(Config\Cache), false)
 7 FCPATH\index.php(79): CodeIgniter\CodeIgniter->run()
 8 SYSTEMPATH\Commands\Server\rewrite.php(47): require_once('C:\\laragon\\www\\lab3\\ci4\\public\\index.php')
CRITICAL - 2023-09-28 16:05:07 --> syntax error, unexpected token "}", expecting ";"
in APPPATH\Controllers\ProductController.php on line 68.
 1 SYSTEMPATH\Autoloader\Autoloader.php(285): CodeIgniter\Autoloader\Autoloader->includeFile('C:\\laragon\\www\\lab3\\ci4\\app\\Controllers\\ProductController.php')
 2 SYSTEMPATH\Autoloader\Autoloader.php(263): CodeIgniter\Autoloader\Autoloader->loadInNamespace('App\\Controllers\\ProductController')
 3 [internal function]: CodeIgniter\Autoloader\Autoloader->loadClass('App\\Controllers\\ProductController')
 4 SYSTEMPATH\CodeIgniter.php(877): class_exists('\\App\\Controllers\\ProductController', true)
 5 SYSTEMPATH\CodeIgniter.php(481): CodeIgniter\CodeIgniter->startController()
 6 SYSTEMPATH\CodeIgniter.php(353): CodeIgniter\CodeIgniter->handleRequest(null, Object(Config\Cache), false)
 7 FCPATH\index.php(79): CodeIgniter\CodeIgniter->run()
 8 SYSTEMPATH\Commands\Server\rewrite.php(47): require_once('C:\\laragon\\www\\lab3\\ci4\\public\\index.php')
