CRITICAL - 2023-09-25 13:32:29 --> Invalid file: "welcome_messages.php"
in SYSTEMPATH\Exceptions\FrameworkException.php on line 39.
 1 SYSTEMPATH\View\View.php(214): CodeIgniter\Exceptions\FrameworkException::forInvalidFile('welcome_messages.php')
 2 SYSTEMPATH\Common.php(1188): CodeIgniter\View\View->render('welcome_messages', [], true)
 3 APPPATH\Controllers\Home.php(9): view('welcome_messages')
 4 SYSTEMPATH\CodeIgniter.php(919): App\Controllers\Home->index()
 5 SYSTEMPATH\CodeIgniter.php(494): CodeIgniter\CodeIgniter->runController(Object(App\Controllers\Home))
 6 SYSTEMPATH\CodeIgniter.php(353): CodeIgniter\CodeIgniter->handleRequest(null, Object(Config\Cache), false)
 7 FCPATH\index.php(79): CodeIgniter\CodeIgniter->run()
 8 SYSTEMPATH\Commands\Server\rewrite.php(47): require_once('C:\\laragon\\www\\lab3\\ci4\\public\\index.php')
CRITICAL - 2023-09-25 13:48:59 --> Undefined constant "head"
in APPPATH\Views\welcome_message.php on line 2.
 1 SYSTEMPATH\View\View.php(226): include()
 2 SYSTEMPATH\View\View.php(229): CodeIgniter\View\View->CodeIgniter\View\{closure}()
 3 SYSTEMPATH\Common.php(1188): CodeIgniter\View\View->render('welcome_message', [], true)
 4 APPPATH\Controllers\Home.php(9): view('welcome_message')
 5 SYSTEMPATH\CodeIgniter.php(919): App\Controllers\Home->index()
 6 SYSTEMPATH\CodeIgniter.php(494): CodeIgniter\CodeIgniter->runController(Object(App\Controllers\Home))
 7 SYSTEMPATH\CodeIgniter.php(353): CodeIgniter\CodeIgniter->handleRequest(null, Object(Config\Cache), false)
 8 FCPATH\index.php(79): CodeIgniter\CodeIgniter->run()
 9 SYSTEMPATH\Commands\Server\rewrite.php(47): require_once('C:\\laragon\\www\\lab3\\ci4\\public\\index.php')
CRITICAL - 2023-09-25 13:55:35 --> Invalid file: "head.php"
in SYSTEMPATH\Exceptions\FrameworkException.php on line 39.
 1 SYSTEMPATH\View\View.php(214): CodeIgniter\Exceptions\FrameworkException::forInvalidFile('head.php')
 2 SYSTEMPATH\View\View.php(467): CodeIgniter\View\View->render('head', null, true)
 3 APPPATH\Views\welcome_message.php(2): CodeIgniter\View\View->include('head')
 4 SYSTEMPATH\View\View.php(226): include('C:\\laragon\\www\\lab3\\ci4\\app\\Views\\welcome_message.php')
 5 SYSTEMPATH\View\View.php(229): CodeIgniter\View\View->CodeIgniter\View\{closure}()
 6 SYSTEMPATH\Common.php(1188): CodeIgniter\View\View->render('welcome_message', [], true)
 7 APPPATH\Controllers\Home.php(9): view('welcome_message')
 8 SYSTEMPATH\CodeIgniter.php(919): App\Controllers\Home->index()
 9 SYSTEMPATH\CodeIgniter.php(494): CodeIgniter\CodeIgniter->runController(Object(App\Controllers\Home))
10 SYSTEMPATH\CodeIgniter.php(353): CodeIgniter\CodeIgniter->handleRequest(null, Object(Config\Cache), false)
11 FCPATH\index.php(79): CodeIgniter\CodeIgniter->run()
12 SYSTEMPATH\Commands\Server\rewrite.php(47): require_once('C:\\laragon\\www\\lab3\\ci4\\public\\index.php')
CRITICAL - 2023-09-25 13:57:05 --> Invalid file: "head.php"
in SYSTEMPATH\Exceptions\FrameworkException.php on line 39.
 1 SYSTEMPATH\View\View.php(214): CodeIgniter\Exceptions\FrameworkException::forInvalidFile('head.php')
 2 SYSTEMPATH\View\View.php(467): CodeIgniter\View\View->render('head', null, true)
 3 APPPATH\Views\welcome_message.php(2): CodeIgniter\View\View->include('head')
 4 SYSTEMPATH\View\View.php(226): include('C:\\laragon\\www\\lab3\\ci4\\app\\Views\\welcome_message.php')
 5 SYSTEMPATH\View\View.php(229): CodeIgniter\View\View->CodeIgniter\View\{closure}()
 6 SYSTEMPATH\Common.php(1188): CodeIgniter\View\View->render('welcome_message', [], true)
 7 APPPATH\Controllers\Home.php(9): view('welcome_message')
 8 SYSTEMPATH\CodeIgniter.php(919): App\Controllers\Home->index()
 9 SYSTEMPATH\CodeIgniter.php(494): CodeIgniter\CodeIgniter->runController(Object(App\Controllers\Home))
10 SYSTEMPATH\CodeIgniter.php(353): CodeIgniter\CodeIgniter->handleRequest(null, Object(Config\Cache), false)
11 FCPATH\index.php(79): CodeIgniter\CodeIgniter->run()
12 SYSTEMPATH\Commands\Server\rewrite.php(47): require_once('C:\\laragon\\www\\lab3\\ci4\\public\\index.php')
